CRITICAL - 2023-10-13 11:05:16 --> Call to undefined method App\Models\TblSongModel::searchSongs
in SYSTEMPATH\Model.php on line 873.
 1 APPPATH\Controllers\MainSongController.php(144): CodeIgniter\Model->__call('searchSongs', [...])
 2 SYSTEMPATH\CodeIgniter.php(919): App\Controllers\MainSongController->searchSong()
 3 SYSTEMPATH\CodeIgniter.php(494): CodeIgniter\CodeIgniter->runController(Object(App\Controllers\MainSongController))
 4 SYSTEMPATH\CodeIgniter.php(353): CodeIgniter\CodeIgniter->handleRequest(null, Object(Config\Cache), false)
 5 FCPATH\index.php(79): CodeIgniter\CodeIgniter->run()
 6 SYSTEMPATH\Commands\Server\rewrite.php(47): require_once('C:\\laragon\\www\\Laboratory2\\public\\index.php')
CRITICAL - 2023-10-13 11:05:28 --> Call to undefined method App\Models\TblSongModel::searchSongs
in SYSTEMPATH\Model.php on line 873.
 1 APPPATH\Controllers\MainSongController.php(144): CodeIgniter\Model->__call('searchSongs', [...])
 2 SYSTEMPATH\CodeIgniter.php(919): App\Controllers\MainSongController->searchSong()
 3 SYSTEMPATH\CodeIgniter.php(494): CodeIgniter\CodeIgniter->runController(Object(App\Controllers\MainSongController))
 4 SYSTEMPATH\CodeIgniter.php(353): CodeIgniter\CodeIgniter->handleRequest(null, Object(Config\Cache), false)
 5 FCPATH\index.php(79): CodeIgniter\CodeIgniter->run()
 6 SYSTEMPATH\Commands\Server\rewrite.php(47): require_once('C:\\laragon\\www\\Laboratory2\\public\\index.php')
CRITICAL - 2023-10-13 11:10:11 --> Call to undefined method App\Models\TblSongModel::searchSongs
in SYSTEMPATH\Model.php on line 873.
 1 APPPATH\Controllers\MainSongController.php(144): CodeIgniter\Model->__call('searchSongs', [...])
 2 SYSTEMPATH\CodeIgniter.php(919): App\Controllers\MainSongController->searchSong()
 3 SYSTEMPATH\CodeIgniter.php(494): CodeIgniter\CodeIgniter->runController(Object(App\Controllers\MainSongController))
 4 SYSTEMPATH\CodeIgniter.php(353): CodeIgniter\CodeIgniter->handleRequest(null, Object(Config\Cache), false)
 5 FCPATH\index.php(79): CodeIgniter\CodeIgniter->run()
 6 SYSTEMPATH\Commands\Server\rewrite.php(47): require_once('C:\\laragon\\www\\Laboratory2\\public\\index.php')
CRITICAL - 2023-10-13 11:10:38 --> Call to undefined method App\Models\TblSongModel::searchSongs
in SYSTEMPATH\Model.php on line 873.
 1 APPPATH\Controllers\MainSongController.php(144): CodeIgniter\Model->__call('searchSongs', [...])
 2 SYSTEMPATH\CodeIgniter.php(919): App\Controllers\MainSongController->searchSong()
 3 SYSTEMPATH\CodeIgniter.php(494): CodeIgniter\CodeIgniter->runController(Object(App\Controllers\MainSongController))
 4 SYSTEMPATH\CodeIgniter.php(353): CodeIgniter\CodeIgniter->handleRequest(null, Object(Config\Cache), false)
 5 FCPATH\index.php(79): CodeIgniter\CodeIgniter->run()
 6 SYSTEMPATH\Commands\Server\rewrite.php(47): require_once('C:\\laragon\\www\\Laboratory2\\public\\index.php')
CRITICAL - 2023-10-13 11:32:58 --> Undefined variable $playlists
in APPPATH\Views\add\playlistModal.php on line 11.
 1 APPPATH\Views\add\playlistModal.php(11): CodeIgniter\Debug\Exceptions->errorHandler(2, 'Undefined variable $playlists', 'C:\\laragon\\www\\Laboratory2\\app\\Views\\add\\playlistModal.php', 11)
 2 APPPATH\Views\MainPage.php(12): include('C:\\laragon\\www\\Laboratory2\\app\\Views\\add\\playlistModal.php')
 3 SYSTEMPATH\View\View.php(226): include('C:\\laragon\\www\\Laboratory2\\app\\Views\\MainPage.php')
 4 SYSTEMPATH\View\View.php(229): CodeIgniter\View\View->CodeIgniter\View\{closure}()
 5 SYSTEMPATH\Common.php(1188): CodeIgniter\View\View->render('MainPage', [], true)
 6 APPPATH\Controllers\Home.php(9): view('MainPage')
 7 SYSTEMPATH\CodeIgniter.php(919): App\Controllers\Home->index()
 8 SYSTEMPATH\CodeIgniter.php(494): CodeIgniter\CodeIgniter->runController(Object(App\Controllers\Home))
 9 SYSTEMPATH\CodeIgniter.php(353): CodeIgniter\CodeIgniter->handleRequest(null, Object(Config\Cache), false)
10 FCPATH\index.php(79): CodeIgniter\CodeIgniter->run()
11 SYSTEMPATH\Commands\Server\rewrite.php(47): require_once('C:\\laragon\\www\\Laboratory2\\public\\index.php')
CRITICAL - 2023-10-13 11:36:47 --> Undefined variable $playlists
in APPPATH\Views\add\playlistModal.php on line 11.
 1 APPPATH\Views\add\playlistModal.php(11): CodeIgniter\Debug\Exceptions->errorHandler(2, 'Undefined variable $playlists', 'C:\\laragon\\www\\Laboratory2\\app\\Views\\add\\playlistModal.php', 11)
 2 APPPATH\Views\MainPage.php(12): include('C:\\laragon\\www\\Laboratory2\\app\\Views\\add\\playlistModal.php')
 3 SYSTEMPATH\View\View.php(226): include('C:\\laragon\\www\\Laboratory2\\app\\Views\\MainPage.php')
 4 SYSTEMPATH\View\View.php(229): CodeIgniter\View\View->CodeIgniter\View\{closure}()
 5 SYSTEMPATH\Common.php(1188): CodeIgniter\View\View->render('MainPage', [], true)
 6 APPPATH\Controllers\Home.php(9): view('MainPage')
 7 SYSTEMPATH\CodeIgniter.php(919): App\Controllers\Home->index()
 8 SYSTEMPATH\CodeIgniter.php(494): CodeIgniter\CodeIgniter->runController(Object(App\Controllers\Home))
 9 SYSTEMPATH\CodeIgniter.php(353): CodeIgniter\CodeIgniter->handleRequest(null, Object(Config\Cache), false)
10 FCPATH\index.php(79): CodeIgniter\CodeIgniter->run()
11 SYSTEMPATH\Commands\Server\rewrite.php(47): require_once('C:\\laragon\\www\\Laboratory2\\public\\index.php')
CRITICAL - 2023-10-13 11:37:43 --> Undefined variable $playlists
in APPPATH\Views\add\playlistModal.php on line 11.
 1 APPPATH\Views\add\playlistModal.php(11): CodeIgniter\Debug\Exceptions->errorHandler(2, 'Undefined variable $playlists', 'C:\\laragon\\www\\Laboratory2\\app\\Views\\add\\playlistModal.php', 11)
 2 APPPATH\Views\MainPage.php(12): include('C:\\laragon\\www\\Laboratory2\\app\\Views\\add\\playlistModal.php')
 3 SYSTEMPATH\View\View.php(226): include('C:\\laragon\\www\\Laboratory2\\app\\Views\\MainPage.php')
 4 SYSTEMPATH\View\View.php(229): CodeIgniter\View\View->CodeIgniter\View\{closure}()
 5 SYSTEMPATH\Common.php(1188): CodeIgniter\View\View->render('MainPage', [], true)
 6 APPPATH\Controllers\Home.php(9): view('MainPage')
 7 SYSTEMPATH\CodeIgniter.php(919): App\Controllers\Home->index()
 8 SYSTEMPATH\CodeIgniter.php(494): CodeIgniter\CodeIgniter->runController(Object(App\Controllers\Home))
 9 SYSTEMPATH\CodeIgniter.php(353): CodeIgniter\CodeIgniter->handleRequest(null, Object(Config\Cache), false)
10 FCPATH\index.php(79): CodeIgniter\CodeIgniter->run()
11 SYSTEMPATH\Commands\Server\rewrite.php(47): require_once('C:\\laragon\\www\\Laboratory2\\public\\index.php')
CRITICAL - 2023-10-13 11:38:12 --> Undefined variable $playlists
in APPPATH\Views\add\playlistModal.php on line 11.
 1 APPPATH\Views\add\playlistModal.php(11): CodeIgniter\Debug\Exceptions->errorHandler(2, 'Undefined variable $playlists', 'C:\\laragon\\www\\Laboratory2\\app\\Views\\add\\playlistModal.php', 11)
 2 APPPATH\Views\MainPage.php(12): include('C:\\laragon\\www\\Laboratory2\\app\\Views\\add\\playlistModal.php')
 3 SYSTEMPATH\View\View.php(226): include('C:\\laragon\\www\\Laboratory2\\app\\Views\\MainPage.php')
 4 SYSTEMPATH\View\View.php(229): CodeIgniter\View\View->CodeIgniter\View\{closure}()
 5 SYSTEMPATH\Common.php(1188): CodeIgniter\View\View->render('MainPage', [], true)
 6 APPPATH\Controllers\Home.php(9): view('MainPage')
 7 SYSTEMPATH\CodeIgniter.php(919): App\Controllers\Home->index()
 8 SYSTEMPATH\CodeIgniter.php(494): CodeIgniter\CodeIgniter->runController(Object(App\Controllers\Home))
 9 SYSTEMPATH\CodeIgniter.php(353): CodeIgniter\CodeIgniter->handleRequest(null, Object(Config\Cache), false)
10 FCPATH\index.php(79): CodeIgniter\CodeIgniter->run()
11 SYSTEMPATH\Commands\Server\rewrite.php(47): require_once('C:\\laragon\\www\\Laboratory2\\public\\index.php')
CRITICAL - 2023-10-13 11:39:18 --> CodeIgniter\Database\BaseBuilder::like(): Argument #2 ($match) must be of type string, null given, called in C:\laragon\www\Laboratory2\system\Model.php on line 871
in SYSTEMPATH\Database\BaseBuilder.php on line 983.
 1 SYSTEMPATH\Model.php(871): CodeIgniter\Database\BaseBuilder->like('title', null)
 2 APPPATH\Models\TblSongModel.php(60): CodeIgniter\Model->__call('like', [...])
 3 APPPATH\Controllers\MainSongController.php(143): App\Models\TblSongModel->searchSongs(null)
 4 SYSTEMPATH\CodeIgniter.php(919): App\Controllers\MainSongController->searchSong()
 5 SYSTEMPATH\CodeIgniter.php(494): CodeIgniter\CodeIgniter->runController(Object(App\Controllers\MainSongController))
 6 SYSTEMPATH\CodeIgniter.php(353): CodeIgniter\CodeIgniter->handleRequest(null, Object(Config\Cache), false)
 7 FCPATH\index.php(79): CodeIgniter\CodeIgniter->run()
 8 SYSTEMPATH\Commands\Server\rewrite.php(47): require_once('C:\\laragon\\www\\Laboratory2\\public\\index.php')
CRITICAL - 2023-10-13 11:54:54 --> Undefined variable $search
in APPPATH\Views\MainPage.php on line 24.
 1 APPPATH\Views\MainPage.php(24): CodeIgniter\Debug\Exceptions->errorHandler(2, 'Undefined variable $search', 'C:\\laragon\\www\\Laboratory2\\app\\Views\\MainPage.php', 24)
 2 SYSTEMPATH\View\View.php(226): include('C:\\laragon\\www\\Laboratory2\\app\\Views\\MainPage.php')
 3 SYSTEMPATH\View\View.php(229): CodeIgniter\View\View->CodeIgniter\View\{closure}()
 4 SYSTEMPATH\Common.php(1188): CodeIgniter\View\View->render('MainPage', [], true)
 5 APPPATH\Controllers\MainSongController.php(45): view('MainPage', [...])
 6 SYSTEMPATH\CodeIgniter.php(919): App\Controllers\MainSongController->display()
 7 SYSTEMPATH\CodeIgniter.php(494): CodeIgniter\CodeIgniter->runController(Object(App\Controllers\MainSongController))
 8 SYSTEMPATH\CodeIgniter.php(353): CodeIgniter\CodeIgniter->handleRequest(null, Object(Config\Cache), false)
 9 FCPATH\index.php(79): CodeIgniter\CodeIgniter->run()
10 SYSTEMPATH\Commands\Server\rewrite.php(47): require_once('C:\\laragon\\www\\Laboratory2\\public\\index.php')
CRITICAL - 2023-10-13 11:54:55 --> Undefined variable $search
in APPPATH\Views\MainPage.php on line 24.
 1 APPPATH\Views\MainPage.php(24): CodeIgniter\Debug\Exceptions->errorHandler(2, 'Undefined variable $search', 'C:\\laragon\\www\\Laboratory2\\app\\Views\\MainPage.php', 24)
 2 SYSTEMPATH\View\View.php(226): include('C:\\laragon\\www\\Laboratory2\\app\\Views\\MainPage.php')
 3 SYSTEMPATH\View\View.php(229): CodeIgniter\View\View->CodeIgniter\View\{closure}()
 4 SYSTEMPATH\Common.php(1188): CodeIgniter\View\View->render('MainPage', [], true)
 5 APPPATH\Controllers\MainSongController.php(45): view('MainPage', [...])
 6 SYSTEMPATH\CodeIgniter.php(919): App\Controllers\MainSongController->display()
 7 SYSTEMPATH\CodeIgniter.php(494): CodeIgniter\CodeIgniter->runController(Object(App\Controllers\MainSongController))
 8 SYSTEMPATH\CodeIgniter.php(353): CodeIgniter\CodeIgniter->handleRequest(null, Object(Config\Cache), false)
 9 FCPATH\index.php(79): CodeIgniter\CodeIgniter->run()
10 SYSTEMPATH\Commands\Server\rewrite.php(47): require_once('C:\\laragon\\www\\Laboratory2\\public\\index.php')
CRITICAL - 2023-10-13 11:54:55 --> Undefined variable $search
in APPPATH\Views\MainPage.php on line 24.
 1 APPPATH\Views\MainPage.php(24): CodeIgniter\Debug\Exceptions->errorHandler(2, 'Undefined variable $search', 'C:\\laragon\\www\\Laboratory2\\app\\Views\\MainPage.php', 24)
 2 SYSTEMPATH\View\View.php(226): include('C:\\laragon\\www\\Laboratory2\\app\\Views\\MainPage.php')
 3 SYSTEMPATH\View\View.php(229): CodeIgniter\View\View->CodeIgniter\View\{closure}()
 4 SYSTEMPATH\Common.php(1188): CodeIgniter\View\View->render('MainPage', [], true)
 5 APPPATH\Controllers\MainSongController.php(45): view('MainPage', [...])
 6 SYSTEMPATH\CodeIgniter.php(919): App\Controllers\MainSongController->display()
 7 SYSTEMPATH\CodeIgniter.php(494): CodeIgniter\CodeIgniter->runController(Object(App\Controllers\MainSongController))
 8 SYSTEMPATH\CodeIgniter.php(353): CodeIgniter\CodeIgniter->handleRequest(null, Object(Config\Cache), false)
 9 FCPATH\index.php(79): CodeIgniter\CodeIgniter->run()
10 SYSTEMPATH\Commands\Server\rewrite.php(47): require_once('C:\\laragon\\www\\Laboratory2\\public\\index.php')
CRITICAL - 2023-10-13 11:54:56 --> Undefined variable $search
in APPPATH\Views\MainPage.php on line 24.
 1 APPPATH\Views\MainPage.php(24): CodeIgniter\Debug\Exceptions->errorHandler(2, 'Undefined variable $search', 'C:\\laragon\\www\\Laboratory2\\app\\Views\\MainPage.php', 24)
 2 SYSTEMPATH\View\View.php(226): include('C:\\laragon\\www\\Laboratory2\\app\\Views\\MainPage.php')
 3 SYSTEMPATH\View\View.php(229): CodeIgniter\View\View->CodeIgniter\View\{closure}()
 4 SYSTEMPATH\Common.php(1188): CodeIgniter\View\View->render('MainPage', [], true)
 5 APPPATH\Controllers\MainSongController.php(45): view('MainPage', [...])
 6 SYSTEMPATH\CodeIgniter.php(919): App\Controllers\MainSongController->display()
 7 SYSTEMPATH\CodeIgniter.php(494): CodeIgniter\CodeIgniter->runController(Object(App\Controllers\MainSongController))
 8 SYSTEMPATH\CodeIgniter.php(353): CodeIgniter\CodeIgniter->handleRequest(null, Object(Config\Cache), false)
 9 FCPATH\index.php(79): CodeIgniter\CodeIgniter->run()
10 SYSTEMPATH\Commands\Server\rewrite.php(47): require_once('C:\\laragon\\www\\Laboratory2\\public\\index.php')
CRITICAL - 2023-10-13 11:54:56 --> Undefined variable $search
in APPPATH\Views\MainPage.php on line 24.
 1 APPPATH\Views\MainPage.php(24): CodeIgniter\Debug\Exceptions->errorHandler(2, 'Undefined variable $search', 'C:\\laragon\\www\\Laboratory2\\app\\Views\\MainPage.php', 24)
 2 SYSTEMPATH\View\View.php(226): include('C:\\laragon\\www\\Laboratory2\\app\\Views\\MainPage.php')
 3 SYSTEMPATH\View\View.php(229): CodeIgniter\View\View->CodeIgniter\View\{closure}()
 4 SYSTEMPATH\Common.php(1188): CodeIgniter\View\View->render('MainPage', [], true)
 5 APPPATH\Controllers\MainSongController.php(45): view('MainPage', [...])
 6 SYSTEMPATH\CodeIgniter.php(919): App\Controllers\MainSongController->display()
 7 SYSTEMPATH\CodeIgniter.php(494): CodeIgniter\CodeIgniter->runController(Object(App\Controllers\MainSongController))
 8 SYSTEMPATH\CodeIgniter.php(353): CodeIgniter\CodeIgniter->handleRequest(null, Object(Config\Cache), false)
 9 FCPATH\index.php(79): CodeIgniter\CodeIgniter->run()
10 SYSTEMPATH\Commands\Server\rewrite.php(47): require_once('C:\\laragon\\www\\Laboratory2\\public\\index.php')
CRITICAL - 2023-10-13 11:56:51 --> Undefined variable $search
in APPPATH\Views\MainPage.php on line 24.
 1 APPPATH\Views\MainPage.php(24): CodeIgniter\Debug\Exceptions->errorHandler(2, 'Undefined variable $search', 'C:\\laragon\\www\\Laboratory2\\app\\Views\\MainPage.php', 24)
 2 SYSTEMPATH\View\View.php(226): include('C:\\laragon\\www\\Laboratory2\\app\\Views\\MainPage.php')
 3 SYSTEMPATH\View\View.php(229): CodeIgniter\View\View->CodeIgniter\View\{closure}()
 4 SYSTEMPATH\Common.php(1188): CodeIgniter\View\View->render('MainPage', [], true)
 5 APPPATH\Controllers\MainSongController.php(45): view('MainPage', [...])
 6 SYSTEMPATH\CodeIgniter.php(919): App\Controllers\MainSongController->display()
 7 SYSTEMPATH\CodeIgniter.php(494): CodeIgniter\CodeIgniter->runController(Object(App\Controllers\MainSongController))
 8 SYSTEMPATH\CodeIgniter.php(353): CodeIgniter\CodeIgniter->handleRequest(null, Object(Config\Cache), false)
 9 FCPATH\index.php(79): CodeIgniter\CodeIgniter->run()
10 SYSTEMPATH\Commands\Server\rewrite.php(47): require_once('C:\\laragon\\www\\Laboratory2\\public\\index.php')
CRITICAL - 2023-10-13 11:56:52 --> Undefined variable $search
in APPPATH\Views\MainPage.php on line 24.
 1 APPPATH\Views\MainPage.php(24): CodeIgniter\Debug\Exceptions->errorHandler(2, 'Undefined variable $search', 'C:\\laragon\\www\\Laboratory2\\app\\Views\\MainPage.php', 24)
 2 SYSTEMPATH\View\View.php(226): include('C:\\laragon\\www\\Laboratory2\\app\\Views\\MainPage.php')
 3 SYSTEMPATH\View\View.php(229): CodeIgniter\View\View->CodeIgniter\View\{closure}()
 4 SYSTEMPATH\Common.php(1188): CodeIgniter\View\View->render('MainPage', [], true)
 5 APPPATH\Controllers\MainSongController.php(45): view('MainPage', [...])
 6 SYSTEMPATH\CodeIgniter.php(919): App\Controllers\MainSongController->display()
 7 SYSTEMPATH\CodeIgniter.php(494): CodeIgniter\CodeIgniter->runController(Object(App\Controllers\MainSongController))
 8 SYSTEMPATH\CodeIgniter.php(353): CodeIgniter\CodeIgniter->handleRequest(null, Object(Config\Cache), false)
 9 FCPATH\index.php(79): CodeIgniter\CodeIgniter->run()
10 SYSTEMPATH\Commands\Server\rewrite.php(47): require_once('C:\\laragon\\www\\Laboratory2\\public\\index.php')
CRITICAL - 2023-10-13 11:56:59 --> Undefined variable $search
in APPPATH\Views\MainPage.php on line 24.
 1 APPPATH\Views\MainPage.php(24): CodeIgniter\Debug\Exceptions->errorHandler(2, 'Undefined variable $search', 'C:\\laragon\\www\\Laboratory2\\app\\Views\\MainPage.php', 24)
 2 SYSTEMPATH\View\View.php(226): include('C:\\laragon\\www\\Laboratory2\\app\\Views\\MainPage.php')
 3 SYSTEMPATH\View\View.php(229): CodeIgniter\View\View->CodeIgniter\View\{closure}()
 4 SYSTEMPATH\Common.php(1188): CodeIgniter\View\View->render('MainPage', [], true)
 5 APPPATH\Controllers\MainSongController.php(45): view('MainPage', [...])
 6 SYSTEMPATH\CodeIgniter.php(919): App\Controllers\MainSongController->display()
 7 SYSTEMPATH\CodeIgniter.php(494): CodeIgniter\CodeIgniter->runController(Object(App\Controllers\MainSongController))
 8 SYSTEMPATH\CodeIgniter.php(353): CodeIgniter\CodeIgniter->handleRequest(null, Object(Config\Cache), false)
 9 FCPATH\index.php(79): CodeIgniter\CodeIgniter->run()
10 SYSTEMPATH\Commands\Server\rewrite.php(47): require_once('C:\\laragon\\www\\Laboratory2\\public\\index.php')
CRITICAL - 2023-10-13 12:48:48 --> Undefined variable $search
in APPPATH\Views\MainPage.php on line 24.
 1 APPPATH\Views\MainPage.php(24): CodeIgniter\Debug\Exceptions->errorHandler(2, 'Undefined variable $search', 'C:\\laragon\\www\\Laboratory2\\app\\Views\\MainPage.php', 24)
 2 SYSTEMPATH\View\View.php(226): include('C:\\laragon\\www\\Laboratory2\\app\\Views\\MainPage.php')
 3 SYSTEMPATH\View\View.php(229): CodeIgniter\View\View->CodeIgniter\View\{closure}()
 4 SYSTEMPATH\Common.php(1188): CodeIgniter\View\View->render('MainPage', [], true)
 5 APPPATH\Controllers\MainSongController.php(45): view('MainPage', [...])
 6 SYSTEMPATH\CodeIgniter.php(919): App\Controllers\MainSongController->display()
 7 SYSTEMPATH\CodeIgniter.php(494): CodeIgniter\CodeIgniter->runController(Object(App\Controllers\MainSongController))
 8 SYSTEMPATH\CodeIgniter.php(353): CodeIgniter\CodeIgniter->handleRequest(null, Object(Config\Cache), false)
 9 FCPATH\index.php(79): CodeIgniter\CodeIgniter->run()
10 SYSTEMPATH\Commands\Server\rewrite.php(47): require_once('C:\\laragon\\www\\Laboratory2\\public\\index.php')
CRITICAL - 2023-10-13 12:48:51 --> Undefined variable $search
in APPPATH\Views\MainPage.php on line 24.
 1 APPPATH\Views\MainPage.php(24): CodeIgniter\Debug\Exceptions->errorHandler(2, 'Undefined variable $search', 'C:\\laragon\\www\\Laboratory2\\app\\Views\\MainPage.php', 24)
 2 SYSTEMPATH\View\View.php(226): include('C:\\laragon\\www\\Laboratory2\\app\\Views\\MainPage.php')
 3 SYSTEMPATH\View\View.php(229): CodeIgniter\View\View->CodeIgniter\View\{closure}()
 4 SYSTEMPATH\Common.php(1188): CodeIgniter\View\View->render('MainPage', [], true)
 5 APPPATH\Controllers\MainSongController.php(45): view('MainPage', [...])
 6 SYSTEMPATH\CodeIgniter.php(919): App\Controllers\MainSongController->display()
 7 SYSTEMPATH\CodeIgniter.php(494): CodeIgniter\CodeIgniter->runController(Object(App\Controllers\MainSongController))
 8 SYSTEMPATH\CodeIgniter.php(353): CodeIgniter\CodeIgniter->handleRequest(null, Object(Config\Cache), false)
 9 FCPATH\index.php(79): CodeIgniter\CodeIgniter->run()
10 SYSTEMPATH\Commands\Server\rewrite.php(47): require_once('C:\\laragon\\www\\Laboratory2\\public\\index.php')
CRITICAL - 2023-10-13 14:26:02 --> Invalid file: "/MainSongController.php"
in SYSTEMPATH\Exceptions\FrameworkException.php on line 39.
 1 SYSTEMPATH\View\View.php(214): CodeIgniter\Exceptions\FrameworkException::forInvalidFile('/MainSongController.php')
 2 SYSTEMPATH\Common.php(1188): CodeIgniter\View\View->render('/MainSongController', [], true)
 3 APPPATH\Controllers\MainSongController.php(45): view('/MainSongController', [...])
 4 SYSTEMPATH\CodeIgniter.php(919): App\Controllers\MainSongController->display()
 5 SYSTEMPATH\CodeIgniter.php(494): CodeIgniter\CodeIgniter->runController(Object(App\Controllers\MainSongController))
 6 SYSTEMPATH\CodeIgniter.php(353): CodeIgniter\CodeIgniter->handleRequest(null, Object(Config\Cache), false)
 7 FCPATH\index.php(79): CodeIgniter\CodeIgniter->run()
 8 SYSTEMPATH\Commands\Server\rewrite.php(47): require_once('C:\\laragon\\www\\Laboratory2\\public\\index.php')
CRITICAL - 2023-10-13 14:26:03 --> Invalid file: "/MainSongController.php"
in SYSTEMPATH\Exceptions\FrameworkException.php on line 39.
 1 SYSTEMPATH\View\View.php(214): CodeIgniter\Exceptions\FrameworkException::forInvalidFile('/MainSongController.php')
 2 SYSTEMPATH\Common.php(1188): CodeIgniter\View\View->render('/MainSongController', [], true)
 3 APPPATH\Controllers\MainSongController.php(45): view('/MainSongController', [...])
 4 SYSTEMPATH\CodeIgniter.php(919): App\Controllers\MainSongController->display()
 5 SYSTEMPATH\CodeIgniter.php(494): CodeIgniter\CodeIgniter->runController(Object(App\Controllers\MainSongController))
 6 SYSTEMPATH\CodeIgniter.php(353): CodeIgniter\CodeIgniter->handleRequest(null, Object(Config\Cache), false)
 7 FCPATH\index.php(79): CodeIgniter\CodeIgniter->run()
 8 SYSTEMPATH\Commands\Server\rewrite.php(47): require_once('C:\\laragon\\www\\Laboratory2\\public\\index.php')
CRITICAL - 2023-10-13 14:26:54 --> Invalid file: "/.php"
in SYSTEMPATH\Exceptions\FrameworkException.php on line 39.
 1 SYSTEMPATH\View\View.php(214): CodeIgniter\Exceptions\FrameworkException::forInvalidFile('/.php')
 2 SYSTEMPATH\Common.php(1188): CodeIgniter\View\View->render('/', [], true)
 3 APPPATH\Controllers\MainSongController.php(45): view('/', [...])
 4 SYSTEMPATH\CodeIgniter.php(919): App\Controllers\MainSongController->display()
 5 SYSTEMPATH\CodeIgniter.php(494): CodeIgniter\CodeIgniter->runController(Object(App\Controllers\MainSongController))
 6 SYSTEMPATH\CodeIgniter.php(353): CodeIgniter\CodeIgniter->handleRequest(null, Object(Config\Cache), false)
 7 FCPATH\index.php(79): CodeIgniter\CodeIgniter->run()
 8 SYSTEMPATH\Commands\Server\rewrite.php(47): require_once('C:\\laragon\\www\\Laboratory2\\public\\index.php')
CRITICAL - 2023-10-13 14:26:55 --> Invalid file: "/.php"
in SYSTEMPATH\Exceptions\FrameworkException.php on line 39.
 1 SYSTEMPATH\View\View.php(214): CodeIgniter\Exceptions\FrameworkException::forInvalidFile('/.php')
 2 SYSTEMPATH\Common.php(1188): CodeIgniter\View\View->render('/', [], true)
 3 APPPATH\Controllers\MainSongController.php(45): view('/', [...])
 4 SYSTEMPATH\CodeIgniter.php(919): App\Controllers\MainSongController->display()
 5 SYSTEMPATH\CodeIgniter.php(494): CodeIgniter\CodeIgniter->runController(Object(App\Controllers\MainSongController))
 6 SYSTEMPATH\CodeIgniter.php(353): CodeIgniter\CodeIgniter->handleRequest(null, Object(Config\Cache), false)
 7 FCPATH\index.php(79): CodeIgniter\CodeIgniter->run()
 8 SYSTEMPATH\Commands\Server\rewrite.php(47): require_once('C:\\laragon\\www\\Laboratory2\\public\\index.php')
CRITICAL - 2023-10-13 14:26:55 --> Invalid file: "/.php"
in SYSTEMPATH\Exceptions\FrameworkException.php on line 39.
 1 SYSTEMPATH\View\View.php(214): CodeIgniter\Exceptions\FrameworkException::forInvalidFile('/.php')
 2 SYSTEMPATH\Common.php(1188): CodeIgniter\View\View->render('/', [], true)
 3 APPPATH\Controllers\MainSongController.php(45): view('/', [...])
 4 SYSTEMPATH\CodeIgniter.php(919): App\Controllers\MainSongController->display()
 5 SYSTEMPATH\CodeIgniter.php(494): CodeIgniter\CodeIgniter->runController(Object(App\Controllers\MainSongController))
 6 SYSTEMPATH\CodeIgniter.php(353): CodeIgniter\CodeIgniter->handleRequest(null, Object(Config\Cache), false)
 7 FCPATH\index.php(79): CodeIgniter\CodeIgniter->run()
 8 SYSTEMPATH\Commands\Server\rewrite.php(47): require_once('C:\\laragon\\www\\Laboratory2\\public\\index.php')
CRITICAL - 2023-10-13 14:27:35 --> Invalid file: "/MainPages.php"
in SYSTEMPATH\Exceptions\FrameworkException.php on line 39.
 1 SYSTEMPATH\View\View.php(214): CodeIgniter\Exceptions\FrameworkException::forInvalidFile('/MainPages.php')
 2 SYSTEMPATH\Common.php(1188): CodeIgniter\View\View->render('/MainPages', [], true)
 3 APPPATH\Controllers\MainSongController.php(45): view('/MainPages', [...])
 4 SYSTEMPATH\CodeIgniter.php(919): App\Controllers\MainSongController->display()
 5 SYSTEMPATH\CodeIgniter.php(494): CodeIgniter\CodeIgniter->runController(Object(App\Controllers\MainSongController))
 6 SYSTEMPATH\CodeIgniter.php(353): CodeIgniter\CodeIgniter->handleRequest(null, Object(Config\Cache), false)
 7 FCPATH\index.php(79): CodeIgniter\CodeIgniter->run()
 8 SYSTEMPATH\Commands\Server\rewrite.php(47): require_once('C:\\laragon\\www\\Laboratory2\\public\\index.php')
CRITICAL - 2023-10-13 14:27:35 --> Invalid file: "/MainPages.php"
in SYSTEMPATH\Exceptions\FrameworkException.php on line 39.
 1 SYSTEMPATH\View\View.php(214): CodeIgniter\Exceptions\FrameworkException::forInvalidFile('/MainPages.php')
 2 SYSTEMPATH\Common.php(1188): CodeIgniter\View\View->render('/MainPages', [], true)
 3 APPPATH\Controllers\MainSongController.php(45): view('/MainPages', [...])
 4 SYSTEMPATH\CodeIgniter.php(919): App\Controllers\MainSongController->display()
 5 SYSTEMPATH\CodeIgniter.php(494): CodeIgniter\CodeIgniter->runController(Object(App\Controllers\MainSongController))
 6 SYSTEMPATH\CodeIgniter.php(353): CodeIgniter\CodeIgniter->handleRequest(null, Object(Config\Cache), false)
 7 FCPATH\index.php(79): CodeIgniter\CodeIgniter->run()
 8 SYSTEMPATH\Commands\Server\rewrite.php(47): require_once('C:\\laragon\\www\\Laboratory2\\public\\index.php')
CRITICAL - 2023-10-13 14:27:35 --> Invalid file: "/MainPages.php"
in SYSTEMPATH\Exceptions\FrameworkException.php on line 39.
 1 SYSTEMPATH\View\View.php(214): CodeIgniter\Exceptions\FrameworkException::forInvalidFile('/MainPages.php')
 2 SYSTEMPATH\Common.php(1188): CodeIgniter\View\View->render('/MainPages', [], true)
 3 APPPATH\Controllers\MainSongController.php(45): view('/MainPages', [...])
 4 SYSTEMPATH\CodeIgniter.php(919): App\Controllers\MainSongController->display()
 5 SYSTEMPATH\CodeIgniter.php(494): CodeIgniter\CodeIgniter->runController(Object(App\Controllers\MainSongController))
 6 SYSTEMPATH\CodeIgniter.php(353): CodeIgniter\CodeIgniter->handleRequest(null, Object(Config\Cache), false)
 7 FCPATH\index.php(79): CodeIgniter\CodeIgniter->run()
 8 SYSTEMPATH\Commands\Server\rewrite.php(47): require_once('C:\\laragon\\www\\Laboratory2\\public\\index.php')
CRITICAL - 2023-10-13 14:27:36 --> Invalid file: "/MainPages.php"
in SYSTEMPATH\Exceptions\FrameworkException.php on line 39.
 1 SYSTEMPATH\View\View.php(214): CodeIgniter\Exceptions\FrameworkException::forInvalidFile('/MainPages.php')
 2 SYSTEMPATH\Common.php(1188): CodeIgniter\View\View->render('/MainPages', [], true)
 3 APPPATH\Controllers\MainSongController.php(45): view('/MainPages', [...])
 4 SYSTEMPATH\CodeIgniter.php(919): App\Controllers\MainSongController->display()
 5 SYSTEMPATH\CodeIgniter.php(494): CodeIgniter\CodeIgniter->runController(Object(App\Controllers\MainSongController))
 6 SYSTEMPATH\CodeIgniter.php(353): CodeIgniter\CodeIgniter->handleRequest(null, Object(Config\Cache), false)
 7 FCPATH\index.php(79): CodeIgniter\CodeIgniter->run()
 8 SYSTEMPATH\Commands\Server\rewrite.php(47): require_once('C:\\laragon\\www\\Laboratory2\\public\\index.php')
CRITICAL - 2023-10-13 14:36:36 --> Undefined variable $playlists
in APPPATH\Views\add\playlistModal.php on line 11.
 1 APPPATH\Views\add\playlistModal.php(11): CodeIgniter\Debug\Exceptions->errorHandler(2, 'Undefined variable $playlists', 'C:\\laragon\\www\\Laboratory2\\app\\Views\\add\\playlistModal.php', 11)
 2 APPPATH\Views\MainPage.php(12): include('C:\\laragon\\www\\Laboratory2\\app\\Views\\add\\playlistModal.php')
 3 SYSTEMPATH\View\View.php(226): include('C:\\laragon\\www\\Laboratory2\\app\\Views\\MainPage.php')
 4 SYSTEMPATH\View\View.php(229): CodeIgniter\View\View->CodeIgniter\View\{closure}()
 5 SYSTEMPATH\Common.php(1188): CodeIgniter\View\View->render('MainPage', [], true)
 6 APPPATH\Controllers\Home.php(9): view('MainPage')
 7 SYSTEMPATH\CodeIgniter.php(919): App\Controllers\Home->index()
 8 SYSTEMPATH\CodeIgniter.php(494): CodeIgniter\CodeIgniter->runController(Object(App\Controllers\Home))
 9 SYSTEMPATH\CodeIgniter.php(353): CodeIgniter\CodeIgniter->handleRequest(null, Object(Config\Cache), false)
10 FCPATH\index.php(79): CodeIgniter\CodeIgniter->run()
11 SYSTEMPATH\Commands\Server\rewrite.php(47): require_once('C:\\laragon\\www\\Laboratory2\\public\\index.php')
CRITICAL - 2023-10-13 14:36:50 --> Undefined variable $playlists
in APPPATH\Views\add\playlistModal.php on line 11.
 1 APPPATH\Views\add\playlistModal.php(11): CodeIgniter\Debug\Exceptions->errorHandler(2, 'Undefined variable $playlists', 'C:\\laragon\\www\\Laboratory2\\app\\Views\\add\\playlistModal.php', 11)
 2 APPPATH\Views\MainPage.php(12): include('C:\\laragon\\www\\Laboratory2\\app\\Views\\add\\playlistModal.php')
 3 SYSTEMPATH\View\View.php(226): include('C:\\laragon\\www\\Laboratory2\\app\\Views\\MainPage.php')
 4 SYSTEMPATH\View\View.php(229): CodeIgniter\View\View->CodeIgniter\View\{closure}()
 5 SYSTEMPATH\Common.php(1188): CodeIgniter\View\View->render('MainPage', [], true)
 6 APPPATH\Controllers\Home.php(9): view('MainPage')
 7 SYSTEMPATH\CodeIgniter.php(919): App\Controllers\Home->index()
 8 SYSTEMPATH\CodeIgniter.php(494): CodeIgniter\CodeIgniter->runController(Object(App\Controllers\Home))
 9 SYSTEMPATH\CodeIgniter.php(353): CodeIgniter\CodeIgniter->handleRequest(null, Object(Config\Cache), false)
10 FCPATH\index.php(79): CodeIgniter\CodeIgniter->run()
11 SYSTEMPATH\Commands\Server\rewrite.php(47): require_once('C:\\laragon\\www\\Laboratory2\\public\\index.php')
CRITICAL - 2023-10-13 14:37:43 --> Undefined variable $playlists
in APPPATH\Views\add\playlistModal.php on line 11.
 1 APPPATH\Views\add\playlistModal.php(11): CodeIgniter\Debug\Exceptions->errorHandler(2, 'Undefined variable $playlists', 'C:\\laragon\\www\\Laboratory2\\app\\Views\\add\\playlistModal.php', 11)
 2 APPPATH\Views\MainPage.php(12): include('C:\\laragon\\www\\Laboratory2\\app\\Views\\add\\playlistModal.php')
 3 SYSTEMPATH\View\View.php(226): include('C:\\laragon\\www\\Laboratory2\\app\\Views\\MainPage.php')
 4 SYSTEMPATH\View\View.php(229): CodeIgniter\View\View->CodeIgniter\View\{closure}()
 5 SYSTEMPATH\Common.php(1188): CodeIgniter\View\View->render('MainPage', [], true)
 6 APPPATH\Controllers\Home.php(9): view('MainPage')
 7 SYSTEMPATH\CodeIgniter.php(919): App\Controllers\Home->index()
 8 SYSTEMPATH\CodeIgniter.php(494): CodeIgniter\CodeIgniter->runController(Object(App\Controllers\Home))
 9 SYSTEMPATH\CodeIgniter.php(353): CodeIgniter\CodeIgniter->handleRequest(null, Object(Config\Cache), false)
10 FCPATH\index.php(79): CodeIgniter\CodeIgniter->run()
11 SYSTEMPATH\Commands\Server\rewrite.php(47): require_once('C:\\laragon\\www\\Laboratory2\\public\\index.php')
CRITICAL - 2023-10-13 14:37:44 --> Undefined variable $playlists
in APPPATH\Views\add\playlistModal.php on line 11.
 1 APPPATH\Views\add\playlistModal.php(11): CodeIgniter\Debug\Exceptions->errorHandler(2, 'Undefined variable $playlists', 'C:\\laragon\\www\\Laboratory2\\app\\Views\\add\\playlistModal.php', 11)
 2 APPPATH\Views\MainPage.php(12): include('C:\\laragon\\www\\Laboratory2\\app\\Views\\add\\playlistModal.php')
 3 SYSTEMPATH\View\View.php(226): include('C:\\laragon\\www\\Laboratory2\\app\\Views\\MainPage.php')
 4 SYSTEMPATH\View\View.php(229): CodeIgniter\View\View->CodeIgniter\View\{closure}()
 5 SYSTEMPATH\Common.php(1188): CodeIgniter\View\View->render('MainPage', [], true)
 6 APPPATH\Controllers\Home.php(9): view('MainPage')
 7 SYSTEMPATH\CodeIgniter.php(919): App\Controllers\Home->index()
 8 SYSTEMPATH\CodeIgniter.php(494): CodeIgniter\CodeIgniter->runController(Object(App\Controllers\Home))
 9 SYSTEMPATH\CodeIgniter.php(353): CodeIgniter\CodeIgniter->handleRequest(null, Object(Config\Cache), false)
10 FCPATH\index.php(79): CodeIgniter\CodeIgniter->run()
11 SYSTEMPATH\Commands\Server\rewrite.php(47): require_once('C:\\laragon\\www\\Laboratory2\\public\\index.php')
