CRITICAL - 2023-09-28 12:06:10 --> The framework needs the following extension(s) installed and loaded: intl.
in SYSTEMPATH\CodeIgniter.php on line 246.
 1 SYSTEMPATH\CodeIgniter.php(246): CodeIgniter\Exceptions\FrameworkException::forMissingExtension('intl')
 2 SYSTEMPATH\CodeIgniter.php(210): CodeIgniter\CodeIgniter->resolvePlatformExtensions()
 3 ROOTPATH\spark(88): CodeIgniter\CodeIgniter->initialize()
CRITICAL - 2023-09-28 12:06:10 --> Uncaught Error: Class "Locale" not found in C:\laragon\www\ms\system\I18n\TimeTrait.php:74
Stack trace:
#0 C:\laragon\www\ms\system\I18n\TimeTrait.php(115): CodeIgniter\I18n\Time->__construct(NULL, NULL, NULL)
#1 C:\laragon\www\ms\system\HTTP\ResponseTrait.php(468): CodeIgniter\I18n\Time::now()
#2 C:\laragon\www\ms\system\HTTP\ResponseTrait.php(446): CodeIgniter\HTTP\Response->sendHeaders()
#3 C:\laragon\www\ms\system\Debug\ExceptionHandler.php(78): CodeIgniter\HTTP\Response->send()
#4 C:\laragon\www\ms\system\Debug\Exceptions.php(146): CodeIgniter\Debug\ExceptionHandler->handle(Object(CodeIgniter\Exceptions\FrameworkException), Object(CodeIgniter\HTTP\IncomingRequest), Object(CodeIgniter\HTTP\Response), 500, 1)
#5 [internal function]: CodeIgniter\Debug\Exceptions->exceptionHandler(Object(CodeIgniter\Exceptions\FrameworkException))
#6 {main}
  thrown
【Previous Exception】
CodeIgniter\Exceptions\FrameworkException
The framework needs the following extension(s) installed and loaded: intl.
#0 C:\laragon\www\ms\system\CodeIgniter.php(246): CodeIgniter\Exceptions\FrameworkException::forMissingExtension('intl')
#1 C:\laragon\www\ms\system\CodeIgniter.php(210): CodeIgniter\CodeIgniter->resolvePlatformExtensions()
#2 C:\laragon\www\ms\spark(88): CodeIgniter\CodeIgniter->initialize()
#3 {main}
in SYSTEMPATH\I18n\TimeTrait.php on line 74.
 1 [internal function]: CodeIgniter\Debug\Exceptions->shutdownHandler()
CRITICAL - 2023-09-28 12:07:59 --> The framework needs the following extension(s) installed and loaded: intl.
in SYSTEMPATH\CodeIgniter.php on line 246.
 1 SYSTEMPATH\CodeIgniter.php(246): CodeIgniter\Exceptions\FrameworkException::forMissingExtension('intl')
 2 SYSTEMPATH\CodeIgniter.php(210): CodeIgniter\CodeIgniter->resolvePlatformExtensions()
 3 ROOTPATH\spark(88): CodeIgniter\CodeIgniter->initialize()
CRITICAL - 2023-09-28 12:07:59 --> Uncaught Error: Class "Locale" not found in C:\laragon\www\ms\system\I18n\TimeTrait.php:74
Stack trace:
#0 C:\laragon\www\ms\system\I18n\TimeTrait.php(115): CodeIgniter\I18n\Time->__construct(NULL, NULL, NULL)
#1 C:\laragon\www\ms\system\HTTP\ResponseTrait.php(468): CodeIgniter\I18n\Time::now()
#2 C:\laragon\www\ms\system\HTTP\ResponseTrait.php(446): CodeIgniter\HTTP\Response->sendHeaders()
#3 C:\laragon\www\ms\system\Debug\ExceptionHandler.php(78): CodeIgniter\HTTP\Response->send()
#4 C:\laragon\www\ms\system\Debug\Exceptions.php(146): CodeIgniter\Debug\ExceptionHandler->handle(Object(CodeIgniter\Exceptions\FrameworkException), Object(CodeIgniter\HTTP\IncomingRequest), Object(CodeIgniter\HTTP\Response), 500, 1)
#5 [internal function]: CodeIgniter\Debug\Exceptions->exceptionHandler(Object(CodeIgniter\Exceptions\FrameworkException))
#6 {main}
  thrown
【Previous Exception】
CodeIgniter\Exceptions\FrameworkException
The framework needs the following extension(s) installed and loaded: intl.
#0 C:\laragon\www\ms\system\CodeIgniter.php(246): CodeIgniter\Exceptions\FrameworkException::forMissingExtension('intl')
#1 C:\laragon\www\ms\system\CodeIgniter.php(210): CodeIgniter\CodeIgniter->resolvePlatformExtensions()
#2 C:\laragon\www\ms\spark(88): CodeIgniter\CodeIgniter->initialize()
#3 {main}
in SYSTEMPATH\I18n\TimeTrait.php on line 74.
 1 [internal function]: CodeIgniter\Debug\Exceptions->shutdownHandler()
CRITICAL - 2023-09-28 10:11:30 --> Invalid file: "MainPage.php"
in SYSTEMPATH\Exceptions\FrameworkException.php on line 39.
 1 SYSTEMPATH\View\View.php(214): CodeIgniter\Exceptions\FrameworkException::forInvalidFile('MainPage.php')
 2 SYSTEMPATH\Common.php(1188): CodeIgniter\View\View->render('MainPage', [], true)
 3 APPPATH\Controllers\Home.php(14): view('MainPage')
 4 SYSTEMPATH\CodeIgniter.php(919): App\Controllers\Home->display()
 5 SYSTEMPATH\CodeIgniter.php(494): CodeIgniter\CodeIgniter->runController(Object(App\Controllers\Home))
 6 SYSTEMPATH\CodeIgniter.php(353): CodeIgniter\CodeIgniter->handleRequest(null, Object(Config\Cache), false)
 7 FCPATH\index.php(79): CodeIgniter\CodeIgniter->run()
 8 SYSTEMPATH\Commands\Server\rewrite.php(47): require_once('C:\\laragon\\www\\ms\\public\\index.php')
CRITICAL - 2023-09-28 10:11:31 --> Invalid file: "MainPage.php"
in SYSTEMPATH\Exceptions\FrameworkException.php on line 39.
 1 SYSTEMPATH\View\View.php(214): CodeIgniter\Exceptions\FrameworkException::forInvalidFile('MainPage.php')
 2 SYSTEMPATH\Common.php(1188): CodeIgniter\View\View->render('MainPage', [], true)
 3 APPPATH\Controllers\Home.php(14): view('MainPage')
 4 SYSTEMPATH\CodeIgniter.php(919): App\Controllers\Home->display()
 5 SYSTEMPATH\CodeIgniter.php(494): CodeIgniter\CodeIgniter->runController(Object(App\Controllers\Home))
 6 SYSTEMPATH\CodeIgniter.php(353): CodeIgniter\CodeIgniter->handleRequest(null, Object(Config\Cache), false)
 7 FCPATH\index.php(79): CodeIgniter\CodeIgniter->run()
 8 SYSTEMPATH\Commands\Server\rewrite.php(47): require_once('C:\\laragon\\www\\ms\\public\\index.php')
CRITICAL - 2023-09-28 10:55:51 --> include(add/songAdd.php): Failed to open stream: No such file or directory
in APPPATH\Views\MainPage.php on line 13.
 1 APPPATH\Views\MainPage.php(13): CodeIgniter\Debug\Exceptions->errorHandler(2, 'include(add/songAdd.php): Failed to open stream: No such file or directory', 'C:\\laragon\\www\\ms\\app\\Views\\MainPage.php', 13)
 2 APPPATH\Views\MainPage.php(13): include()
 3 SYSTEMPATH\View\View.php(226): include('C:\\laragon\\www\\ms\\app\\Views\\MainPage.php')
 4 SYSTEMPATH\View\View.php(229): CodeIgniter\View\View->CodeIgniter\View\{closure}()
 5 SYSTEMPATH\Common.php(1188): CodeIgniter\View\View->render('MainPage', [], true)
 6 APPPATH\Controllers\Home.php(14): view('MainPage')
 7 SYSTEMPATH\CodeIgniter.php(919): App\Controllers\Home->display()
 8 SYSTEMPATH\CodeIgniter.php(494): CodeIgniter\CodeIgniter->runController(Object(App\Controllers\Home))
 9 SYSTEMPATH\CodeIgniter.php(353): CodeIgniter\CodeIgniter->handleRequest(null, Object(Config\Cache), false)
10 FCPATH\index.php(79): CodeIgniter\CodeIgniter->run()
11 SYSTEMPATH\Commands\Server\rewrite.php(47): require_once('C:\\laragon\\www\\ms\\public\\index.php')
CRITICAL - 2023-09-28 10:57:21 --> include(add/songAdd.php): Failed to open stream: No such file or directory
in APPPATH\Views\MainPage.php on line 13.
 1 APPPATH\Views\MainPage.php(13): CodeIgniter\Debug\Exceptions->errorHandler(2, 'include(add/songAdd.php): Failed to open stream: No such file or directory', 'C:\\laragon\\www\\ms\\app\\Views\\MainPage.php', 13)
 2 APPPATH\Views\MainPage.php(13): include()
 3 SYSTEMPATH\View\View.php(226): include('C:\\laragon\\www\\ms\\app\\Views\\MainPage.php')
 4 SYSTEMPATH\View\View.php(229): CodeIgniter\View\View->CodeIgniter\View\{closure}()
 5 SYSTEMPATH\Common.php(1188): CodeIgniter\View\View->render('MainPage', [], true)
 6 APPPATH\Controllers\Home.php(14): view('MainPage')
 7 SYSTEMPATH\CodeIgniter.php(919): App\Controllers\Home->display()
 8 SYSTEMPATH\CodeIgniter.php(494): CodeIgniter\CodeIgniter->runController(Object(App\Controllers\Home))
 9 SYSTEMPATH\CodeIgniter.php(353): CodeIgniter\CodeIgniter->handleRequest(null, Object(Config\Cache), false)
10 FCPATH\index.php(79): CodeIgniter\CodeIgniter->run()
11 SYSTEMPATH\Commands\Server\rewrite.php(47): require_once('C:\\laragon\\www\\ms\\public\\index.php')
CRITICAL - 2023-09-28 11:10:30 --> include(add/songAddModal.php): Failed to open stream: No such file or directory
in APPPATH\Views\MainPage.php on line 13.
 1 APPPATH\Views\MainPage.php(13): CodeIgniter\Debug\Exceptions->errorHandler(2, 'include(add/songAddModal.php): Failed to open stream: No such file or directory', 'C:\\laragon\\www\\ms\\app\\Views\\MainPage.php', 13)
 2 APPPATH\Views\MainPage.php(13): include()
 3 SYSTEMPATH\View\View.php(226): include('C:\\laragon\\www\\ms\\app\\Views\\MainPage.php')
 4 SYSTEMPATH\View\View.php(229): CodeIgniter\View\View->CodeIgniter\View\{closure}()
 5 SYSTEMPATH\Common.php(1188): CodeIgniter\View\View->render('MainPage', [], true)
 6 APPPATH\Controllers\Home.php(14): view('MainPage')
 7 SYSTEMPATH\CodeIgniter.php(919): App\Controllers\Home->display()
 8 SYSTEMPATH\CodeIgniter.php(494): CodeIgniter\CodeIgniter->runController(Object(App\Controllers\Home))
 9 SYSTEMPATH\CodeIgniter.php(353): CodeIgniter\CodeIgniter->handleRequest(null, Object(Config\Cache), false)
10 FCPATH\index.php(79): CodeIgniter\CodeIgniter->run()
11 SYSTEMPATH\Commands\Server\rewrite.php(47): require_once('C:\\laragon\\www\\ms\\public\\index.php')
CRITICAL - 2023-09-28 11:10:52 --> include(add/scriptBot.php): Failed to open stream: No such file or directory
in APPPATH\Views\MainPage.php on line 14.
 1 APPPATH\Views\MainPage.php(14): CodeIgniter\Debug\Exceptions->errorHandler(2, 'include(add/scriptBot.php): Failed to open stream: No such file or directory', 'C:\\laragon\\www\\ms\\app\\Views\\MainPage.php', 14)
 2 APPPATH\Views\MainPage.php(14): include()
 3 SYSTEMPATH\View\View.php(226): include('C:\\laragon\\www\\ms\\app\\Views\\MainPage.php')
 4 SYSTEMPATH\View\View.php(229): CodeIgniter\View\View->CodeIgniter\View\{closure}()
 5 SYSTEMPATH\Common.php(1188): CodeIgniter\View\View->render('MainPage', [], true)
 6 APPPATH\Controllers\Home.php(14): view('MainPage')
 7 SYSTEMPATH\CodeIgniter.php(919): App\Controllers\Home->display()
 8 SYSTEMPATH\CodeIgniter.php(494): CodeIgniter\CodeIgniter->runController(Object(App\Controllers\Home))
 9 SYSTEMPATH\CodeIgniter.php(353): CodeIgniter\CodeIgniter->handleRequest(null, Object(Config\Cache), false)
10 FCPATH\index.php(79): CodeIgniter\CodeIgniter->run()
11 SYSTEMPATH\Commands\Server\rewrite.php(47): require_once('C:\\laragon\\www\\ms\\public\\index.php')
CRITICAL - 2023-09-28 14:26:24 --> Call to undefined method App\Models\TblSongModel::addSong
in SYSTEMPATH\Model.php on line 873.
 1 APPPATH\Controllers\MainSongController.php(44): CodeIgniter\Model->__call('addSong', [...])
 2 SYSTEMPATH\CodeIgniter.php(919): App\Controllers\MainSongController->addSong()
 3 SYSTEMPATH\CodeIgniter.php(494): CodeIgniter\CodeIgniter->runController(Object(App\Controllers\MainSongController))
 4 SYSTEMPATH\CodeIgniter.php(353): CodeIgniter\CodeIgniter->handleRequest(null, Object(Config\Cache), false)
 5 FCPATH\index.php(79): CodeIgniter\CodeIgniter->run()
 6 SYSTEMPATH\Commands\Server\rewrite.php(47): require_once('C:\\laragon\\www\\ms\\public\\index.php')
CRITICAL - 2023-09-28 14:27:53 --> Call to undefined method App\Models\TblSongModel::addSong
in SYSTEMPATH\Model.php on line 873.
 1 APPPATH\Controllers\MainSongController.php(44): CodeIgniter\Model->__call('addSong', [...])
 2 SYSTEMPATH\CodeIgniter.php(919): App\Controllers\MainSongController->addSong()
 3 SYSTEMPATH\CodeIgniter.php(494): CodeIgniter\CodeIgniter->runController(Object(App\Controllers\MainSongController))
 4 SYSTEMPATH\CodeIgniter.php(353): CodeIgniter\CodeIgniter->handleRequest(null, Object(Config\Cache), false)
 5 FCPATH\index.php(79): CodeIgniter\CodeIgniter->run()
 6 SYSTEMPATH\Commands\Server\rewrite.php(47): require_once('C:\\laragon\\www\\ms\\public\\index.php')
ERROR - 2023-09-28 14:28:41 --> mysqli_sql_exception: Column 'artist' cannot be null in C:\laragon\www\ms\system\Database\MySQLi\Connection.php:306
Stack trace:
#0 C:\laragon\www\ms\system\Database\MySQLi\Connection.php(306): mysqli->query('INSERT INTO `tb...', 0)
#1 C:\laragon\www\ms\system\Database\BaseConnection.php(692): CodeIgniter\Database\MySQLi\Connection->execute('INSERT INTO `tb...')
#2 C:\laragon\www\ms\system\Database\BaseConnection.php(606): CodeIgniter\Database\BaseConnection->simpleQuery('INSERT INTO `tb...')
#3 C:\laragon\www\ms\system\Database\BaseBuilder.php(2308): CodeIgniter\Database\BaseConnection->query('INSERT INTO `tb...', Array, false)
#4 C:\laragon\www\ms\system\Model.php(319): CodeIgniter\Database\BaseBuilder->insert()
#5 C:\laragon\www\ms\system\BaseModel.php(788): CodeIgniter\Model->doInsert(Array)
#6 C:\laragon\www\ms\system\Model.php(715): CodeIgniter\BaseModel->insert(Array, true)
#7 C:\laragon\www\ms\app\Models\TblSongModel.php(50): CodeIgniter\Model->insert(Array)
#8 C:\laragon\www\ms\app\Controllers\MainSongController.php(44): App\Models\TblSongModel->addSong('Lihim', NULL, NULL)
#9 C:\laragon\www\ms\system\CodeIgniter.php(919): App\Controllers\MainSongController->addSong()
#10 C:\laragon\www\ms\system\CodeIgniter.php(494): CodeIgniter\CodeIgniter->runController(Object(App\Controllers\MainSongController))
#11 C:\laragon\www\ms\system\CodeIgniter.php(353): CodeIgniter\CodeIgniter->handleRequest(NULL, Object(Config\Cache), false)
#12 C:\laragon\www\ms\public\index.php(79): CodeIgniter\CodeIgniter->run()
#13 C:\laragon\www\ms\system\Commands\Server\rewrite.php(47): require_once('C:\\laragon\\www\\...')
#14 {main}
CRITICAL - 2023-09-28 14:28:41 --> Column 'artist' cannot be null
in SYSTEMPATH\Database\BaseConnection.php on line 646.
 1 SYSTEMPATH\Database\BaseBuilder.php(2308): CodeIgniter\Database\BaseConnection->query('INSERT INTO `tbl_song` (`title`, `artist`, `file`) VALUES (:title:, :artist:, :file:)', [...], false)
 2 SYSTEMPATH\Model.php(319): CodeIgniter\Database\BaseBuilder->insert()
 3 SYSTEMPATH\BaseModel.php(788): CodeIgniter\Model->doInsert([...])
 4 SYSTEMPATH\Model.php(715): CodeIgniter\BaseModel->insert([...], true)
 5 APPPATH\Models\TblSongModel.php(50): CodeIgniter\Model->insert([...])
 6 APPPATH\Controllers\MainSongController.php(44): App\Models\TblSongModel->addSong('Lihim', null, null)
 7 SYSTEMPATH\CodeIgniter.php(919): App\Controllers\MainSongController->addSong()
 8 SYSTEMPATH\CodeIgniter.php(494): CodeIgniter\CodeIgniter->runController(Object(App\Controllers\MainSongController))
 9 SYSTEMPATH\CodeIgniter.php(353): CodeIgniter\CodeIgniter->handleRequest(null, Object(Config\Cache), false)
10 FCPATH\index.php(79): CodeIgniter\CodeIgniter->run()
11 SYSTEMPATH\Commands\Server\rewrite.php(47): require_once('C:\\laragon\\www\\ms\\public\\index.php')
CRITICAL - 2023-09-28 14:53:32 --> Call to undefined method App\Models\TblSongModel::addSong
in SYSTEMPATH\Model.php on line 873.
 1 APPPATH\Controllers\MainSongController.php(44): CodeIgniter\Model->__call('addSong', [...])
 2 SYSTEMPATH\CodeIgniter.php(919): App\Controllers\MainSongController->addSong()
 3 SYSTEMPATH\CodeIgniter.php(494): CodeIgniter\CodeIgniter->runController(Object(App\Controllers\MainSongController))
 4 SYSTEMPATH\CodeIgniter.php(353): CodeIgniter\CodeIgniter->handleRequest(null, Object(Config\Cache), false)
 5 FCPATH\index.php(79): CodeIgniter\CodeIgniter->run()
 6 SYSTEMPATH\Commands\Server\rewrite.php(47): require_once('C:\\laragon\\www\\ms\\public\\index.php')
CRITICAL - 2023-09-28 16:00:33 --> Undefined array key "PlaylistName"
in APPPATH\Views\add\playlistModal.php on line 14.
 1 APPPATH\Views\add\playlistModal.php(14): CodeIgniter\Debug\Exceptions->errorHandler(2, 'Undefined array key "PlaylistName"', 'C:\\laragon\\www\\ms\\app\\Views\\add\\playlistModal.php', 14)
 2 APPPATH\Views\MainPage.php(13): include('C:\\laragon\\www\\ms\\app\\Views\\add\\playlistModal.php')
 3 SYSTEMPATH\View\View.php(226): include('C:\\laragon\\www\\ms\\app\\Views\\MainPage.php')
 4 SYSTEMPATH\View\View.php(229): CodeIgniter\View\View->CodeIgniter\View\{closure}()
 5 SYSTEMPATH\Common.php(1188): CodeIgniter\View\View->render('MainPage', [], true)
 6 APPPATH\Controllers\MainSongController.php(33): view('MainPage', [...])
 7 SYSTEMPATH\CodeIgniter.php(919): App\Controllers\MainSongController->display()
 8 SYSTEMPATH\CodeIgniter.php(494): CodeIgniter\CodeIgniter->runController(Object(App\Controllers\MainSongController))
 9 SYSTEMPATH\CodeIgniter.php(353): CodeIgniter\CodeIgniter->handleRequest(null, Object(Config\Cache), false)
10 FCPATH\index.php(79): CodeIgniter\CodeIgniter->run()
11 SYSTEMPATH\Commands\Server\rewrite.php(47): require_once('C:\\laragon\\www\\ms\\public\\index.php')
CRITICAL - 2023-09-28 16:00:33 --> Undefined array key "PlaylistName"
in APPPATH\Views\add\playlistModal.php on line 14.
 1 APPPATH\Views\add\playlistModal.php(14): CodeIgniter\Debug\Exceptions->errorHandler(2, 'Undefined array key "PlaylistName"', 'C:\\laragon\\www\\ms\\app\\Views\\add\\playlistModal.php', 14)
 2 APPPATH\Views\MainPage.php(13): include('C:\\laragon\\www\\ms\\app\\Views\\add\\playlistModal.php')
 3 SYSTEMPATH\View\View.php(226): include('C:\\laragon\\www\\ms\\app\\Views\\MainPage.php')
 4 SYSTEMPATH\View\View.php(229): CodeIgniter\View\View->CodeIgniter\View\{closure}()
 5 SYSTEMPATH\Common.php(1188): CodeIgniter\View\View->render('MainPage', [], true)
 6 APPPATH\Controllers\MainSongController.php(33): view('MainPage', [...])
 7 SYSTEMPATH\CodeIgniter.php(919): App\Controllers\MainSongController->display()
 8 SYSTEMPATH\CodeIgniter.php(494): CodeIgniter\CodeIgniter->runController(Object(App\Controllers\MainSongController))
 9 SYSTEMPATH\CodeIgniter.php(353): CodeIgniter\CodeIgniter->handleRequest(null, Object(Config\Cache), false)
10 FCPATH\index.php(79): CodeIgniter\CodeIgniter->run()
11 SYSTEMPATH\Commands\Server\rewrite.php(47): require_once('C:\\laragon\\www\\ms\\public\\index.php')
CRITICAL - 2023-09-28 16:02:21 --> Undefined array key "PlaylistName"
in APPPATH\Views\add\playlistModal.php on line 13.
 1 APPPATH\Views\add\playlistModal.php(13): CodeIgniter\Debug\Exceptions->errorHandler(2, 'Undefined array key "PlaylistName"', 'C:\\laragon\\www\\ms\\app\\Views\\add\\playlistModal.php', 13)
 2 APPPATH\Views\MainPage.php(13): include('C:\\laragon\\www\\ms\\app\\Views\\add\\playlistModal.php')
 3 SYSTEMPATH\View\View.php(226): include('C:\\laragon\\www\\ms\\app\\Views\\MainPage.php')
 4 SYSTEMPATH\View\View.php(229): CodeIgniter\View\View->CodeIgniter\View\{closure}()
 5 SYSTEMPATH\Common.php(1188): CodeIgniter\View\View->render('MainPage', [], true)
 6 APPPATH\Controllers\MainSongController.php(33): view('MainPage', [...])
 7 SYSTEMPATH\CodeIgniter.php(919): App\Controllers\MainSongController->display()
 8 SYSTEMPATH\CodeIgniter.php(494): CodeIgniter\CodeIgniter->runController(Object(App\Controllers\MainSongController))
 9 SYSTEMPATH\CodeIgniter.php(353): CodeIgniter\CodeIgniter->handleRequest(null, Object(Config\Cache), false)
10 FCPATH\index.php(79): CodeIgniter\CodeIgniter->run()
11 SYSTEMPATH\Commands\Server\rewrite.php(47): require_once('C:\\laragon\\www\\ms\\public\\index.php')
CRITICAL - 2023-09-28 16:02:22 --> Undefined array key "PlaylistName"
in APPPATH\Views\add\playlistModal.php on line 13.
 1 APPPATH\Views\add\playlistModal.php(13): CodeIgniter\Debug\Exceptions->errorHandler(2, 'Undefined array key "PlaylistName"', 'C:\\laragon\\www\\ms\\app\\Views\\add\\playlistModal.php', 13)
 2 APPPATH\Views\MainPage.php(13): include('C:\\laragon\\www\\ms\\app\\Views\\add\\playlistModal.php')
 3 SYSTEMPATH\View\View.php(226): include('C:\\laragon\\www\\ms\\app\\Views\\MainPage.php')
 4 SYSTEMPATH\View\View.php(229): CodeIgniter\View\View->CodeIgniter\View\{closure}()
 5 SYSTEMPATH\Common.php(1188): CodeIgniter\View\View->render('MainPage', [], true)
 6 APPPATH\Controllers\MainSongController.php(33): view('MainPage', [...])
 7 SYSTEMPATH\CodeIgniter.php(919): App\Controllers\MainSongController->display()
 8 SYSTEMPATH\CodeIgniter.php(494): CodeIgniter\CodeIgniter->runController(Object(App\Controllers\MainSongController))
 9 SYSTEMPATH\CodeIgniter.php(353): CodeIgniter\CodeIgniter->handleRequest(null, Object(Config\Cache), false)
10 FCPATH\index.php(79): CodeIgniter\CodeIgniter->run()
11 SYSTEMPATH\Commands\Server\rewrite.php(47): require_once('C:\\laragon\\www\\ms\\public\\index.php')
CRITICAL - 2023-09-28 16:10:34 --> Undefined array key "playlistName"
in APPPATH\Views\add\playlistModal.php on line 13.
 1 APPPATH\Views\add\playlistModal.php(13): CodeIgniter\Debug\Exceptions->errorHandler(2, 'Undefined array key "playlistName"', 'C:\\laragon\\www\\ms\\app\\Views\\add\\playlistModal.php', 13)
 2 APPPATH\Views\MainPage.php(13): include('C:\\laragon\\www\\ms\\app\\Views\\add\\playlistModal.php')
 3 SYSTEMPATH\View\View.php(226): include('C:\\laragon\\www\\ms\\app\\Views\\MainPage.php')
 4 SYSTEMPATH\View\View.php(229): CodeIgniter\View\View->CodeIgniter\View\{closure}()
 5 SYSTEMPATH\Common.php(1188): CodeIgniter\View\View->render('MainPage', [], true)
 6 APPPATH\Controllers\MainSongController.php(33): view('MainPage', [...])
 7 SYSTEMPATH\CodeIgniter.php(919): App\Controllers\MainSongController->display()
 8 SYSTEMPATH\CodeIgniter.php(494): CodeIgniter\CodeIgniter->runController(Object(App\Controllers\MainSongController))
 9 SYSTEMPATH\CodeIgniter.php(353): CodeIgniter\CodeIgniter->handleRequest(null, Object(Config\Cache), false)
10 FCPATH\index.php(79): CodeIgniter\CodeIgniter->run()
11 SYSTEMPATH\Commands\Server\rewrite.php(47): require_once('C:\\laragon\\www\\ms\\public\\index.php')
CRITICAL - 2023-09-28 16:10:35 --> Undefined array key "playlistName"
in APPPATH\Views\add\playlistModal.php on line 13.
 1 APPPATH\Views\add\playlistModal.php(13): CodeIgniter\Debug\Exceptions->errorHandler(2, 'Undefined array key "playlistName"', 'C:\\laragon\\www\\ms\\app\\Views\\add\\playlistModal.php', 13)
 2 APPPATH\Views\MainPage.php(13): include('C:\\laragon\\www\\ms\\app\\Views\\add\\playlistModal.php')
 3 SYSTEMPATH\View\View.php(226): include('C:\\laragon\\www\\ms\\app\\Views\\MainPage.php')
 4 SYSTEMPATH\View\View.php(229): CodeIgniter\View\View->CodeIgniter\View\{closure}()
 5 SYSTEMPATH\Common.php(1188): CodeIgniter\View\View->render('MainPage', [], true)
 6 APPPATH\Controllers\MainSongController.php(33): view('MainPage', [...])
 7 SYSTEMPATH\CodeIgniter.php(919): App\Controllers\MainSongController->display()
 8 SYSTEMPATH\CodeIgniter.php(494): CodeIgniter\CodeIgniter->runController(Object(App\Controllers\MainSongController))
 9 SYSTEMPATH\CodeIgniter.php(353): CodeIgniter\CodeIgniter->handleRequest(null, Object(Config\Cache), false)
10 FCPATH\index.php(79): CodeIgniter\CodeIgniter->run()
11 SYSTEMPATH\Commands\Server\rewrite.php(47): require_once('C:\\laragon\\www\\ms\\public\\index.php')
