CRITICAL - 2023-09-30 00:51:22 --> Undefined array key "id"
in APPPATH\Views\MainPage.php on line 45.
 1 APPPATH\Views\MainPage.php(45): CodeIgniter\Debug\Exceptions->errorHandler(2, 'Undefined array key "id"', 'C:\\laragon\\www\\lab2.1\\app\\Views\\MainPage.php', 45)
 2 SYSTEMPATH\View\View.php(226): include('C:\\laragon\\www\\lab2.1\\app\\Views\\MainPage.php')
 3 SYSTEMPATH\View\View.php(229): CodeIgniter\View\View->CodeIgniter\View\{closure}()
 4 SYSTEMPATH\Common.php(1188): CodeIgniter\View\View->render('MainPage', [], true)
 5 APPPATH\Controllers\MainSongController.php(33): view('MainPage', [...])
 6 SYSTEMPATH\CodeIgniter.php(919): App\Controllers\MainSongController->display()
 7 SYSTEMPATH\CodeIgniter.php(494): CodeIgniter\CodeIgniter->runController(Object(App\Controllers\MainSongController))
 8 SYSTEMPATH\CodeIgniter.php(353): CodeIgniter\CodeIgniter->handleRequest(null, Object(Config\Cache), false)
 9 FCPATH\index.php(79): CodeIgniter\CodeIgniter->run()
10 SYSTEMPATH\Commands\Server\rewrite.php(47): require_once('C:\\laragon\\www\\lab2.1\\public\\index.php')
CRITICAL - 2023-09-30 00:52:50 --> Undefined array key "id"
in APPPATH\Views\MainPage.php on line 45.
 1 APPPATH\Views\MainPage.php(45): CodeIgniter\Debug\Exceptions->errorHandler(2, 'Undefined array key "id"', 'C:\\laragon\\www\\lab2.1\\app\\Views\\MainPage.php', 45)
 2 SYSTEMPATH\View\View.php(226): include('C:\\laragon\\www\\lab2.1\\app\\Views\\MainPage.php')
 3 SYSTEMPATH\View\View.php(229): CodeIgniter\View\View->CodeIgniter\View\{closure}()
 4 SYSTEMPATH\Common.php(1188): CodeIgniter\View\View->render('MainPage', [], true)
 5 APPPATH\Controllers\MainSongController.php(33): view('MainPage', [...])
 6 SYSTEMPATH\CodeIgniter.php(919): App\Controllers\MainSongController->display()
 7 SYSTEMPATH\CodeIgniter.php(494): CodeIgniter\CodeIgniter->runController(Object(App\Controllers\MainSongController))
 8 SYSTEMPATH\CodeIgniter.php(353): CodeIgniter\CodeIgniter->handleRequest(null, Object(Config\Cache), false)
 9 FCPATH\index.php(79): CodeIgniter\CodeIgniter->run()
10 SYSTEMPATH\Commands\Server\rewrite.php(47): require_once('C:\\laragon\\www\\lab2.1\\public\\index.php')
CRITICAL - 2023-09-30 00:52:51 --> Undefined array key "id"
in APPPATH\Views\MainPage.php on line 45.
 1 APPPATH\Views\MainPage.php(45): CodeIgniter\Debug\Exceptions->errorHandler(2, 'Undefined array key "id"', 'C:\\laragon\\www\\lab2.1\\app\\Views\\MainPage.php', 45)
 2 SYSTEMPATH\View\View.php(226): include('C:\\laragon\\www\\lab2.1\\app\\Views\\MainPage.php')
 3 SYSTEMPATH\View\View.php(229): CodeIgniter\View\View->CodeIgniter\View\{closure}()
 4 SYSTEMPATH\Common.php(1188): CodeIgniter\View\View->render('MainPage', [], true)
 5 APPPATH\Controllers\MainSongController.php(33): view('MainPage', [...])
 6 SYSTEMPATH\CodeIgniter.php(919): App\Controllers\MainSongController->display()
 7 SYSTEMPATH\CodeIgniter.php(494): CodeIgniter\CodeIgniter->runController(Object(App\Controllers\MainSongController))
 8 SYSTEMPATH\CodeIgniter.php(353): CodeIgniter\CodeIgniter->handleRequest(null, Object(Config\Cache), false)
 9 FCPATH\index.php(79): CodeIgniter\CodeIgniter->run()
10 SYSTEMPATH\Commands\Server\rewrite.php(47): require_once('C:\\laragon\\www\\lab2.1\\public\\index.php')
CRITICAL - 2023-09-30 00:52:51 --> Undefined array key "id"
in APPPATH\Views\MainPage.php on line 45.
 1 APPPATH\Views\MainPage.php(45): CodeIgniter\Debug\Exceptions->errorHandler(2, 'Undefined array key "id"', 'C:\\laragon\\www\\lab2.1\\app\\Views\\MainPage.php', 45)
 2 SYSTEMPATH\View\View.php(226): include('C:\\laragon\\www\\lab2.1\\app\\Views\\MainPage.php')
 3 SYSTEMPATH\View\View.php(229): CodeIgniter\View\View->CodeIgniter\View\{closure}()
 4 SYSTEMPATH\Common.php(1188): CodeIgniter\View\View->render('MainPage', [], true)
 5 APPPATH\Controllers\MainSongController.php(33): view('MainPage', [...])
 6 SYSTEMPATH\CodeIgniter.php(919): App\Controllers\MainSongController->display()
 7 SYSTEMPATH\CodeIgniter.php(494): CodeIgniter\CodeIgniter->runController(Object(App\Controllers\MainSongController))
 8 SYSTEMPATH\CodeIgniter.php(353): CodeIgniter\CodeIgniter->handleRequest(null, Object(Config\Cache), false)
 9 FCPATH\index.php(79): CodeIgniter\CodeIgniter->run()
10 SYSTEMPATH\Commands\Server\rewrite.php(47): require_once('C:\\laragon\\www\\lab2.1\\public\\index.php')
CRITICAL - 2023-09-30 00:52:55 --> Undefined array key "id"
in APPPATH\Views\MainPage.php on line 45.
 1 APPPATH\Views\MainPage.php(45): CodeIgniter\Debug\Exceptions->errorHandler(2, 'Undefined array key "id"', 'C:\\laragon\\www\\lab2.1\\app\\Views\\MainPage.php', 45)
 2 SYSTEMPATH\View\View.php(226): include('C:\\laragon\\www\\lab2.1\\app\\Views\\MainPage.php')
 3 SYSTEMPATH\View\View.php(229): CodeIgniter\View\View->CodeIgniter\View\{closure}()
 4 SYSTEMPATH\Common.php(1188): CodeIgniter\View\View->render('MainPage', [], true)
 5 APPPATH\Controllers\MainSongController.php(33): view('MainPage', [...])
 6 SYSTEMPATH\CodeIgniter.php(919): App\Controllers\MainSongController->display()
 7 SYSTEMPATH\CodeIgniter.php(494): CodeIgniter\CodeIgniter->runController(Object(App\Controllers\MainSongController))
 8 SYSTEMPATH\CodeIgniter.php(353): CodeIgniter\CodeIgniter->handleRequest(null, Object(Config\Cache), false)
 9 FCPATH\index.php(79): CodeIgniter\CodeIgniter->run()
10 SYSTEMPATH\Commands\Server\rewrite.php(47): require_once('C:\\laragon\\www\\lab2.1\\public\\index.php')
CRITICAL - 2023-09-30 00:53:06 --> Undefined array key "id"
in APPPATH\Views\MainPage.php on line 45.
 1 APPPATH\Views\MainPage.php(45): CodeIgniter\Debug\Exceptions->errorHandler(2, 'Undefined array key "id"', 'C:\\laragon\\www\\lab2.1\\app\\Views\\MainPage.php', 45)
 2 SYSTEMPATH\View\View.php(226): include('C:\\laragon\\www\\lab2.1\\app\\Views\\MainPage.php')
 3 SYSTEMPATH\View\View.php(229): CodeIgniter\View\View->CodeIgniter\View\{closure}()
 4 SYSTEMPATH\Common.php(1188): CodeIgniter\View\View->render('MainPage', [], true)
 5 APPPATH\Controllers\MainSongController.php(33): view('MainPage', [...])
 6 SYSTEMPATH\CodeIgniter.php(919): App\Controllers\MainSongController->display()
 7 SYSTEMPATH\CodeIgniter.php(494): CodeIgniter\CodeIgniter->runController(Object(App\Controllers\MainSongController))
 8 SYSTEMPATH\CodeIgniter.php(353): CodeIgniter\CodeIgniter->handleRequest(null, Object(Config\Cache), false)
 9 FCPATH\index.php(79): CodeIgniter\CodeIgniter->run()
10 SYSTEMPATH\Commands\Server\rewrite.php(47): require_once('C:\\laragon\\www\\lab2.1\\public\\index.php')
CRITICAL - 2023-09-30 00:57:40 --> Undefined array key "id"
in APPPATH\Views\MainPage.php on line 68.
 1 APPPATH\Views\MainPage.php(68): CodeIgniter\Debug\Exceptions->errorHandler(2, 'Undefined array key "id"', 'C:\\laragon\\www\\lab2.1\\app\\Views\\MainPage.php', 68)
 2 SYSTEMPATH\View\View.php(226): include('C:\\laragon\\www\\lab2.1\\app\\Views\\MainPage.php')
 3 SYSTEMPATH\View\View.php(229): CodeIgniter\View\View->CodeIgniter\View\{closure}()
 4 SYSTEMPATH\Common.php(1188): CodeIgniter\View\View->render('MainPage', [], true)
 5 APPPATH\Controllers\MainSongController.php(33): view('MainPage', [...])
 6 SYSTEMPATH\CodeIgniter.php(919): App\Controllers\MainSongController->display()
 7 SYSTEMPATH\CodeIgniter.php(494): CodeIgniter\CodeIgniter->runController(Object(App\Controllers\MainSongController))
 8 SYSTEMPATH\CodeIgniter.php(353): CodeIgniter\CodeIgniter->handleRequest(null, Object(Config\Cache), false)
 9 FCPATH\index.php(79): CodeIgniter\CodeIgniter->run()
10 SYSTEMPATH\Commands\Server\rewrite.php(47): require_once('C:\\laragon\\www\\lab2.1\\public\\index.php')
CRITICAL - 2023-09-30 00:57:40 --> Undefined array key "id"
in APPPATH\Views\MainPage.php on line 68.
 1 APPPATH\Views\MainPage.php(68): CodeIgniter\Debug\Exceptions->errorHandler(2, 'Undefined array key "id"', 'C:\\laragon\\www\\lab2.1\\app\\Views\\MainPage.php', 68)
 2 SYSTEMPATH\View\View.php(226): include('C:\\laragon\\www\\lab2.1\\app\\Views\\MainPage.php')
 3 SYSTEMPATH\View\View.php(229): CodeIgniter\View\View->CodeIgniter\View\{closure}()
 4 SYSTEMPATH\Common.php(1188): CodeIgniter\View\View->render('MainPage', [], true)
 5 APPPATH\Controllers\MainSongController.php(33): view('MainPage', [...])
 6 SYSTEMPATH\CodeIgniter.php(919): App\Controllers\MainSongController->display()
 7 SYSTEMPATH\CodeIgniter.php(494): CodeIgniter\CodeIgniter->runController(Object(App\Controllers\MainSongController))
 8 SYSTEMPATH\CodeIgniter.php(353): CodeIgniter\CodeIgniter->handleRequest(null, Object(Config\Cache), false)
 9 FCPATH\index.php(79): CodeIgniter\CodeIgniter->run()
10 SYSTEMPATH\Commands\Server\rewrite.php(47): require_once('C:\\laragon\\www\\lab2.1\\public\\index.php')
CRITICAL - 2023-09-30 00:57:41 --> Undefined array key "id"
in APPPATH\Views\MainPage.php on line 68.
 1 APPPATH\Views\MainPage.php(68): CodeIgniter\Debug\Exceptions->errorHandler(2, 'Undefined array key "id"', 'C:\\laragon\\www\\lab2.1\\app\\Views\\MainPage.php', 68)
 2 SYSTEMPATH\View\View.php(226): include('C:\\laragon\\www\\lab2.1\\app\\Views\\MainPage.php')
 3 SYSTEMPATH\View\View.php(229): CodeIgniter\View\View->CodeIgniter\View\{closure}()
 4 SYSTEMPATH\Common.php(1188): CodeIgniter\View\View->render('MainPage', [], true)
 5 APPPATH\Controllers\MainSongController.php(33): view('MainPage', [...])
 6 SYSTEMPATH\CodeIgniter.php(919): App\Controllers\MainSongController->display()
 7 SYSTEMPATH\CodeIgniter.php(494): CodeIgniter\CodeIgniter->runController(Object(App\Controllers\MainSongController))
 8 SYSTEMPATH\CodeIgniter.php(353): CodeIgniter\CodeIgniter->handleRequest(null, Object(Config\Cache), false)
 9 FCPATH\index.php(79): CodeIgniter\CodeIgniter->run()
10 SYSTEMPATH\Commands\Server\rewrite.php(47): require_once('C:\\laragon\\www\\lab2.1\\public\\index.php')
CRITICAL - 2023-09-30 00:57:41 --> Undefined array key "id"
in APPPATH\Views\MainPage.php on line 68.
 1 APPPATH\Views\MainPage.php(68): CodeIgniter\Debug\Exceptions->errorHandler(2, 'Undefined array key "id"', 'C:\\laragon\\www\\lab2.1\\app\\Views\\MainPage.php', 68)
 2 SYSTEMPATH\View\View.php(226): include('C:\\laragon\\www\\lab2.1\\app\\Views\\MainPage.php')
 3 SYSTEMPATH\View\View.php(229): CodeIgniter\View\View->CodeIgniter\View\{closure}()
 4 SYSTEMPATH\Common.php(1188): CodeIgniter\View\View->render('MainPage', [], true)
 5 APPPATH\Controllers\MainSongController.php(33): view('MainPage', [...])
 6 SYSTEMPATH\CodeIgniter.php(919): App\Controllers\MainSongController->display()
 7 SYSTEMPATH\CodeIgniter.php(494): CodeIgniter\CodeIgniter->runController(Object(App\Controllers\MainSongController))
 8 SYSTEMPATH\CodeIgniter.php(353): CodeIgniter\CodeIgniter->handleRequest(null, Object(Config\Cache), false)
 9 FCPATH\index.php(79): CodeIgniter\CodeIgniter->run()
10 SYSTEMPATH\Commands\Server\rewrite.php(47): require_once('C:\\laragon\\www\\lab2.1\\public\\index.php')
CRITICAL - 2023-09-30 00:57:45 --> Undefined array key "id"
in APPPATH\Views\MainPage.php on line 68.
 1 APPPATH\Views\MainPage.php(68): CodeIgniter\Debug\Exceptions->errorHandler(2, 'Undefined array key "id"', 'C:\\laragon\\www\\lab2.1\\app\\Views\\MainPage.php', 68)
 2 SYSTEMPATH\View\View.php(226): include('C:\\laragon\\www\\lab2.1\\app\\Views\\MainPage.php')
 3 SYSTEMPATH\View\View.php(229): CodeIgniter\View\View->CodeIgniter\View\{closure}()
 4 SYSTEMPATH\Common.php(1188): CodeIgniter\View\View->render('MainPage', [], true)
 5 APPPATH\Controllers\MainSongController.php(33): view('MainPage', [...])
 6 SYSTEMPATH\CodeIgniter.php(919): App\Controllers\MainSongController->display()
 7 SYSTEMPATH\CodeIgniter.php(494): CodeIgniter\CodeIgniter->runController(Object(App\Controllers\MainSongController))
 8 SYSTEMPATH\CodeIgniter.php(353): CodeIgniter\CodeIgniter->handleRequest(null, Object(Config\Cache), false)
 9 FCPATH\index.php(79): CodeIgniter\CodeIgniter->run()
10 SYSTEMPATH\Commands\Server\rewrite.php(47): require_once('C:\\laragon\\www\\lab2.1\\public\\index.php')
