CRITICAL - 2023-09-29 14:56:40 --> The framework needs the following extension(s) installed and loaded: intl.
in SYSTEMPATH\CodeIgniter.php on line 246.
 1 SYSTEMPATH\CodeIgniter.php(246): CodeIgniter\Exceptions\FrameworkException::forMissingExtension('intl')
 2 SYSTEMPATH\CodeIgniter.php(210): CodeIgniter\CodeIgniter->resolvePlatformExtensions()
 3 ROOTPATH\spark(88): CodeIgniter\CodeIgniter->initialize()
CRITICAL - 2023-09-29 14:56:42 --> Uncaught Error: Class "Locale" not found in C:\laragon\www\lab2.1\system\I18n\TimeTrait.php:74
Stack trace:
#0 C:\laragon\www\lab2.1\system\I18n\TimeTrait.php(115): CodeIgniter\I18n\Time->__construct(NULL, NULL, NULL)
#1 C:\laragon\www\lab2.1\system\HTTP\ResponseTrait.php(468): CodeIgniter\I18n\Time::now()
#2 C:\laragon\www\lab2.1\system\HTTP\ResponseTrait.php(446): CodeIgniter\HTTP\Response->sendHeaders()
#3 C:\laragon\www\lab2.1\system\Debug\ExceptionHandler.php(78): CodeIgniter\HTTP\Response->send()
#4 C:\laragon\www\lab2.1\system\Debug\Exceptions.php(146): CodeIgniter\Debug\ExceptionHandler->handle(Object(CodeIgniter\Exceptions\FrameworkException), Object(CodeIgniter\HTTP\IncomingRequest), Object(CodeIgniter\HTTP\Response), 500, 1)
#5 [internal function]: CodeIgniter\Debug\Exceptions->exceptionHandler(Object(CodeIgniter\Exceptions\FrameworkException))
#6 {main}
  thrown
【Previous Exception】
CodeIgniter\Exceptions\FrameworkException
The framework needs the following extension(s) installed and loaded: intl.
#0 C:\laragon\www\lab2.1\system\CodeIgniter.php(246): CodeIgniter\Exceptions\FrameworkException::forMissingExtension('intl')
#1 C:\laragon\www\lab2.1\system\CodeIgniter.php(210): CodeIgniter\CodeIgniter->resolvePlatformExtensions()
#2 C:\laragon\www\lab2.1\spark(88): CodeIgniter\CodeIgniter->initialize()
#3 {main}
in SYSTEMPATH\I18n\TimeTrait.php on line 74.
 1 [internal function]: CodeIgniter\Debug\Exceptions->shutdownHandler()
ERROR - 2023-09-29 22:45:10 --> mysqli_sql_exception: Table 'dsong.tbl_song' doesn't exist in C:\laragon\www\lab2.1\system\Database\MySQLi\Connection.php:306
Stack trace:
#0 C:\laragon\www\lab2.1\system\Database\MySQLi\Connection.php(306): mysqli->query('SELECT *\nFROM `...', 0)
#1 C:\laragon\www\lab2.1\system\Database\BaseConnection.php(692): CodeIgniter\Database\MySQLi\Connection->execute('SELECT *\nFROM `...')
#2 C:\laragon\www\lab2.1\system\Database\BaseConnection.php(606): CodeIgniter\Database\BaseConnection->simpleQuery('SELECT *\nFROM `...')
#3 C:\laragon\www\lab2.1\system\Database\BaseBuilder.php(1615): CodeIgniter\Database\BaseConnection->query('SELECT *\nFROM `...', Array, false)
#4 C:\laragon\www\lab2.1\system\Model.php(237): CodeIgniter\Database\BaseBuilder->get()
#5 C:\laragon\www\lab2.1\system\BaseModel.php(624): CodeIgniter\Model->doFindAll(0, 0)
#6 C:\laragon\www\lab2.1\app\Controllers\MainSongController.php(30): CodeIgniter\BaseModel->findAll()
#7 C:\laragon\www\lab2.1\system\CodeIgniter.php(919): App\Controllers\MainSongController->display()
#8 C:\laragon\www\lab2.1\system\CodeIgniter.php(494): CodeIgniter\CodeIgniter->runController(Object(App\Controllers\MainSongController))
#9 C:\laragon\www\lab2.1\system\CodeIgniter.php(353): CodeIgniter\CodeIgniter->handleRequest(NULL, Object(Config\Cache), false)
#10 C:\laragon\www\lab2.1\public\index.php(79): CodeIgniter\CodeIgniter->run()
#11 C:\laragon\www\lab2.1\system\Commands\Server\rewrite.php(47): require_once('C:\\laragon\\www\\...')
#12 {main}
CRITICAL - 2023-09-29 22:45:10 --> Table 'dsong.tbl_song' doesn't exist
in SYSTEMPATH\Database\BaseConnection.php on line 646.
 1 SYSTEMPATH\Database\BaseBuilder.php(1615): CodeIgniter\Database\BaseConnection->query('SELECT *
FROM `tbl_song`', [], false)
 2 SYSTEMPATH\Model.php(237): CodeIgniter\Database\BaseBuilder->get()
 3 SYSTEMPATH\BaseModel.php(624): CodeIgniter\Model->doFindAll(0, 0)
 4 APPPATH\Controllers\MainSongController.php(30): CodeIgniter\BaseModel->findAll()
 5 SYSTEMPATH\CodeIgniter.php(919): App\Controllers\MainSongController->display()
 6 SYSTEMPATH\CodeIgniter.php(494): CodeIgniter\CodeIgniter->runController(Object(App\Controllers\MainSongController))
 7 SYSTEMPATH\CodeIgniter.php(353): CodeIgniter\CodeIgniter->handleRequest(null, Object(Config\Cache), false)
 8 FCPATH\index.php(79): CodeIgniter\CodeIgniter->run()
 9 SYSTEMPATH\Commands\Server\rewrite.php(47): require_once('C:\\laragon\\www\\lab2.1\\public\\index.php')
CRITICAL - 2023-09-29 22:56:33 --> Undefined array key "src"
in APPPATH\Views\MainPage.php on line 37.
 1 APPPATH\Views\MainPage.php(37): CodeIgniter\Debug\Exceptions->errorHandler(2, 'Undefined array key "src"', 'C:\\laragon\\www\\lab2.1\\app\\Views\\MainPage.php', 37)
 2 SYSTEMPATH\View\View.php(226): include('C:\\laragon\\www\\lab2.1\\app\\Views\\MainPage.php')
 3 SYSTEMPATH\View\View.php(229): CodeIgniter\View\View->CodeIgniter\View\{closure}()
 4 SYSTEMPATH\Common.php(1188): CodeIgniter\View\View->render('MainPage', [], true)
 5 APPPATH\Controllers\MainSongController.php(34): view('MainPage', [...])
 6 SYSTEMPATH\CodeIgniter.php(919): App\Controllers\MainSongController->display()
 7 SYSTEMPATH\CodeIgniter.php(494): CodeIgniter\CodeIgniter->runController(Object(App\Controllers\MainSongController))
 8 SYSTEMPATH\CodeIgniter.php(353): CodeIgniter\CodeIgniter->handleRequest(null, Object(Config\Cache), false)
 9 FCPATH\index.php(79): CodeIgniter\CodeIgniter->run()
10 SYSTEMPATH\Commands\Server\rewrite.php(47): require_once('C:\\laragon\\www\\lab2.1\\public\\index.php')
CRITICAL - 2023-09-29 22:57:20 --> Undefined array key "src"
in APPPATH\Views\MainPage.php on line 37.
 1 APPPATH\Views\MainPage.php(37): CodeIgniter\Debug\Exceptions->errorHandler(2, 'Undefined array key "src"', 'C:\\laragon\\www\\lab2.1\\app\\Views\\MainPage.php', 37)
 2 SYSTEMPATH\View\View.php(226): include('C:\\laragon\\www\\lab2.1\\app\\Views\\MainPage.php')
 3 SYSTEMPATH\View\View.php(229): CodeIgniter\View\View->CodeIgniter\View\{closure}()
 4 SYSTEMPATH\Common.php(1188): CodeIgniter\View\View->render('MainPage', [], true)
 5 APPPATH\Controllers\MainSongController.php(34): view('MainPage', [...])
 6 SYSTEMPATH\CodeIgniter.php(919): App\Controllers\MainSongController->display()
 7 SYSTEMPATH\CodeIgniter.php(494): CodeIgniter\CodeIgniter->runController(Object(App\Controllers\MainSongController))
 8 SYSTEMPATH\CodeIgniter.php(353): CodeIgniter\CodeIgniter->handleRequest(null, Object(Config\Cache), false)
 9 FCPATH\index.php(79): CodeIgniter\CodeIgniter->run()
10 SYSTEMPATH\Commands\Server\rewrite.php(47): require_once('C:\\laragon\\www\\lab2.1\\public\\index.php')
CRITICAL - 2023-09-29 22:57:21 --> Undefined array key "src"
in APPPATH\Views\MainPage.php on line 37.
 1 APPPATH\Views\MainPage.php(37): CodeIgniter\Debug\Exceptions->errorHandler(2, 'Undefined array key "src"', 'C:\\laragon\\www\\lab2.1\\app\\Views\\MainPage.php', 37)
 2 SYSTEMPATH\View\View.php(226): include('C:\\laragon\\www\\lab2.1\\app\\Views\\MainPage.php')
 3 SYSTEMPATH\View\View.php(229): CodeIgniter\View\View->CodeIgniter\View\{closure}()
 4 SYSTEMPATH\Common.php(1188): CodeIgniter\View\View->render('MainPage', [], true)
 5 APPPATH\Controllers\MainSongController.php(34): view('MainPage', [...])
 6 SYSTEMPATH\CodeIgniter.php(919): App\Controllers\MainSongController->display()
 7 SYSTEMPATH\CodeIgniter.php(494): CodeIgniter\CodeIgniter->runController(Object(App\Controllers\MainSongController))
 8 SYSTEMPATH\CodeIgniter.php(353): CodeIgniter\CodeIgniter->handleRequest(null, Object(Config\Cache), false)
 9 FCPATH\index.php(79): CodeIgniter\CodeIgniter->run()
10 SYSTEMPATH\Commands\Server\rewrite.php(47): require_once('C:\\laragon\\www\\lab2.1\\public\\index.php')
CRITICAL - 2023-09-29 23:33:36 --> Call to a member function move() on null
in APPPATH\Controllers\MainSongController.php on line 42.
 1 SYSTEMPATH\CodeIgniter.php(919): App\Controllers\MainSongController->addSong()
 2 SYSTEMPATH\CodeIgniter.php(494): CodeIgniter\CodeIgniter->runController(Object(App\Controllers\MainSongController))
 3 SYSTEMPATH\CodeIgniter.php(353): CodeIgniter\CodeIgniter->handleRequest(null, Object(Config\Cache), false)
 4 FCPATH\index.php(79): CodeIgniter\CodeIgniter->run()
 5 SYSTEMPATH\Commands\Server\rewrite.php(47): require_once('C:\\laragon\\www\\lab2.1\\public\\index.php')
CRITICAL - 2023-09-29 23:33:45 --> Call to a member function move() on null
in APPPATH\Controllers\MainSongController.php on line 42.
 1 SYSTEMPATH\CodeIgniter.php(919): App\Controllers\MainSongController->addSong()
 2 SYSTEMPATH\CodeIgniter.php(494): CodeIgniter\CodeIgniter->runController(Object(App\Controllers\MainSongController))
 3 SYSTEMPATH\CodeIgniter.php(353): CodeIgniter\CodeIgniter->handleRequest(null, Object(Config\Cache), false)
 4 FCPATH\index.php(79): CodeIgniter\CodeIgniter->run()
 5 SYSTEMPATH\Commands\Server\rewrite.php(47): require_once('C:\\laragon\\www\\lab2.1\\public\\index.php')
CRITICAL - 2023-09-29 23:34:23 --> Call to a member function move() on null
in APPPATH\Controllers\MainSongController.php on line 42.
 1 SYSTEMPATH\CodeIgniter.php(919): App\Controllers\MainSongController->addSong()
 2 SYSTEMPATH\CodeIgniter.php(494): CodeIgniter\CodeIgniter->runController(Object(App\Controllers\MainSongController))
 3 SYSTEMPATH\CodeIgniter.php(353): CodeIgniter\CodeIgniter->handleRequest(null, Object(Config\Cache), false)
 4 FCPATH\index.php(79): CodeIgniter\CodeIgniter->run()
 5 SYSTEMPATH\Commands\Server\rewrite.php(47): require_once('C:\\laragon\\www\\lab2.1\\public\\index.php')
CRITICAL - 2023-09-29 23:34:39 --> Call to a member function move() on null
in APPPATH\Controllers\MainSongController.php on line 42.
 1 SYSTEMPATH\CodeIgniter.php(919): App\Controllers\MainSongController->addSong()
 2 SYSTEMPATH\CodeIgniter.php(494): CodeIgniter\CodeIgniter->runController(Object(App\Controllers\MainSongController))
 3 SYSTEMPATH\CodeIgniter.php(353): CodeIgniter\CodeIgniter->handleRequest(null, Object(Config\Cache), false)
 4 FCPATH\index.php(79): CodeIgniter\CodeIgniter->run()
 5 SYSTEMPATH\Commands\Server\rewrite.php(47): require_once('C:\\laragon\\www\\lab2.1\\public\\index.php')
CRITICAL - 2023-09-29 23:35:45 --> Call to a member function move() on null
in APPPATH\Controllers\MainSongController.php on line 42.
 1 SYSTEMPATH\CodeIgniter.php(919): App\Controllers\MainSongController->addSong()
 2 SYSTEMPATH\CodeIgniter.php(494): CodeIgniter\CodeIgniter->runController(Object(App\Controllers\MainSongController))
 3 SYSTEMPATH\CodeIgniter.php(353): CodeIgniter\CodeIgniter->handleRequest(null, Object(Config\Cache), false)
 4 FCPATH\index.php(79): CodeIgniter\CodeIgniter->run()
 5 SYSTEMPATH\Commands\Server\rewrite.php(47): require_once('C:\\laragon\\www\\lab2.1\\public\\index.php')
CRITICAL - 2023-09-29 23:36:28 --> Call to a member function move() on null
in APPPATH\Controllers\MainSongController.php on line 42.
 1 SYSTEMPATH\CodeIgniter.php(919): App\Controllers\MainSongController->addSong()
 2 SYSTEMPATH\CodeIgniter.php(494): CodeIgniter\CodeIgniter->runController(Object(App\Controllers\MainSongController))
 3 SYSTEMPATH\CodeIgniter.php(353): CodeIgniter\CodeIgniter->handleRequest(null, Object(Config\Cache), false)
 4 FCPATH\index.php(79): CodeIgniter\CodeIgniter->run()
 5 SYSTEMPATH\Commands\Server\rewrite.php(47): require_once('C:\\laragon\\www\\lab2.1\\public\\index.php')
CRITICAL - 2023-09-29 23:37:43 --> Call to a member function move() on null
in APPPATH\Controllers\MainSongController.php on line 42.
 1 SYSTEMPATH\CodeIgniter.php(919): App\Controllers\MainSongController->addSong()
 2 SYSTEMPATH\CodeIgniter.php(494): CodeIgniter\CodeIgniter->runController(Object(App\Controllers\MainSongController))
 3 SYSTEMPATH\CodeIgniter.php(353): CodeIgniter\CodeIgniter->handleRequest(null, Object(Config\Cache), false)
 4 FCPATH\index.php(79): CodeIgniter\CodeIgniter->run()
 5 SYSTEMPATH\Commands\Server\rewrite.php(47): require_once('C:\\laragon\\www\\lab2.1\\public\\index.php')
CRITICAL - 2023-09-29 23:38:00 --> Call to a member function move() on null
in APPPATH\Controllers\MainSongController.php on line 42.
 1 SYSTEMPATH\CodeIgniter.php(919): App\Controllers\MainSongController->addSong()
 2 SYSTEMPATH\CodeIgniter.php(494): CodeIgniter\CodeIgniter->runController(Object(App\Controllers\MainSongController))
 3 SYSTEMPATH\CodeIgniter.php(353): CodeIgniter\CodeIgniter->handleRequest(null, Object(Config\Cache), false)
 4 FCPATH\index.php(79): CodeIgniter\CodeIgniter->run()
 5 SYSTEMPATH\Commands\Server\rewrite.php(47): require_once('C:\\laragon\\www\\lab2.1\\public\\index.php')
CRITICAL - 2023-09-29 23:42:55 --> Call to a member function move() on null
in APPPATH\Controllers\MainSongController.php on line 42.
 1 SYSTEMPATH\CodeIgniter.php(919): App\Controllers\MainSongController->addSong()
 2 SYSTEMPATH\CodeIgniter.php(494): CodeIgniter\CodeIgniter->runController(Object(App\Controllers\MainSongController))
 3 SYSTEMPATH\CodeIgniter.php(353): CodeIgniter\CodeIgniter->handleRequest(null, Object(Config\Cache), false)
 4 FCPATH\index.php(79): CodeIgniter\CodeIgniter->run()
 5 SYSTEMPATH\Commands\Server\rewrite.php(47): require_once('C:\\laragon\\www\\lab2.1\\public\\index.php')
CRITICAL - 2023-09-29 23:46:21 --> Call to a member function move() on null
in APPPATH\Controllers\MainSongController.php on line 43.
 1 SYSTEMPATH\CodeIgniter.php(919): App\Controllers\MainSongController->addSong()
 2 SYSTEMPATH\CodeIgniter.php(494): CodeIgniter\CodeIgniter->runController(Object(App\Controllers\MainSongController))
 3 SYSTEMPATH\CodeIgniter.php(353): CodeIgniter\CodeIgniter->handleRequest(null, Object(Config\Cache), false)
 4 FCPATH\index.php(79): CodeIgniter\CodeIgniter->run()
 5 SYSTEMPATH\Commands\Server\rewrite.php(47): require_once('C:\\laragon\\www\\lab2.1\\public\\index.php')
CRITICAL - 2023-09-29 23:46:32 --> Call to a member function move() on null
in APPPATH\Controllers\MainSongController.php on line 43.
 1 SYSTEMPATH\CodeIgniter.php(919): App\Controllers\MainSongController->addSong()
 2 SYSTEMPATH\CodeIgniter.php(494): CodeIgniter\CodeIgniter->runController(Object(App\Controllers\MainSongController))
 3 SYSTEMPATH\CodeIgniter.php(353): CodeIgniter\CodeIgniter->handleRequest(null, Object(Config\Cache), false)
 4 FCPATH\index.php(79): CodeIgniter\CodeIgniter->run()
 5 SYSTEMPATH\Commands\Server\rewrite.php(47): require_once('C:\\laragon\\www\\lab2.1\\public\\index.php')
CRITICAL - 2023-09-29 23:46:55 --> Call to a member function move() on null
in APPPATH\Controllers\MainSongController.php on line 43.
 1 SYSTEMPATH\CodeIgniter.php(919): App\Controllers\MainSongController->addSong()
 2 SYSTEMPATH\CodeIgniter.php(494): CodeIgniter\CodeIgniter->runController(Object(App\Controllers\MainSongController))
 3 SYSTEMPATH\CodeIgniter.php(353): CodeIgniter\CodeIgniter->handleRequest(null, Object(Config\Cache), false)
 4 FCPATH\index.php(79): CodeIgniter\CodeIgniter->run()
 5 SYSTEMPATH\Commands\Server\rewrite.php(47): require_once('C:\\laragon\\www\\lab2.1\\public\\index.php')
CRITICAL - 2023-09-29 23:47:00 --> Call to a member function move() on null
in APPPATH\Controllers\MainSongController.php on line 43.
 1 SYSTEMPATH\CodeIgniter.php(919): App\Controllers\MainSongController->addSong()
 2 SYSTEMPATH\CodeIgniter.php(494): CodeIgniter\CodeIgniter->runController(Object(App\Controllers\MainSongController))
 3 SYSTEMPATH\CodeIgniter.php(353): CodeIgniter\CodeIgniter->handleRequest(null, Object(Config\Cache), false)
 4 FCPATH\index.php(79): CodeIgniter\CodeIgniter->run()
 5 SYSTEMPATH\Commands\Server\rewrite.php(47): require_once('C:\\laragon\\www\\lab2.1\\public\\index.php')
CRITICAL - 2023-09-29 23:47:44 --> Call to a member function move() on null
in APPPATH\Controllers\MainSongController.php on line 43.
 1 SYSTEMPATH\CodeIgniter.php(919): App\Controllers\MainSongController->addSong()
 2 SYSTEMPATH\CodeIgniter.php(494): CodeIgniter\CodeIgniter->runController(Object(App\Controllers\MainSongController))
 3 SYSTEMPATH\CodeIgniter.php(353): CodeIgniter\CodeIgniter->handleRequest(null, Object(Config\Cache), false)
 4 FCPATH\index.php(79): CodeIgniter\CodeIgniter->run()
 5 SYSTEMPATH\Commands\Server\rewrite.php(47): require_once('C:\\laragon\\www\\lab2.1\\public\\index.php')
CRITICAL - 2023-09-29 23:47:48 --> Call to a member function move() on null
in APPPATH\Controllers\MainSongController.php on line 43.
 1 SYSTEMPATH\CodeIgniter.php(919): App\Controllers\MainSongController->addSong()
 2 SYSTEMPATH\CodeIgniter.php(494): CodeIgniter\CodeIgniter->runController(Object(App\Controllers\MainSongController))
 3 SYSTEMPATH\CodeIgniter.php(353): CodeIgniter\CodeIgniter->handleRequest(null, Object(Config\Cache), false)
 4 FCPATH\index.php(79): CodeIgniter\CodeIgniter->run()
 5 SYSTEMPATH\Commands\Server\rewrite.php(47): require_once('C:\\laragon\\www\\lab2.1\\public\\index.php')
CRITICAL - 2023-09-29 23:49:33 --> Call to a member function move() on null
in APPPATH\Controllers\MainSongController.php on line 43.
 1 SYSTEMPATH\CodeIgniter.php(919): App\Controllers\MainSongController->addSong()
 2 SYSTEMPATH\CodeIgniter.php(494): CodeIgniter\CodeIgniter->runController(Object(App\Controllers\MainSongController))
 3 SYSTEMPATH\CodeIgniter.php(353): CodeIgniter\CodeIgniter->handleRequest(null, Object(Config\Cache), false)
 4 FCPATH\index.php(79): CodeIgniter\CodeIgniter->run()
 5 SYSTEMPATH\Commands\Server\rewrite.php(47): require_once('C:\\laragon\\www\\lab2.1\\public\\index.php')
CRITICAL - 2023-09-29 23:49:45 --> Call to a member function move() on null
in APPPATH\Controllers\MainSongController.php on line 43.
 1 SYSTEMPATH\CodeIgniter.php(919): App\Controllers\MainSongController->addSong()
 2 SYSTEMPATH\CodeIgniter.php(494): CodeIgniter\CodeIgniter->runController(Object(App\Controllers\MainSongController))
 3 SYSTEMPATH\CodeIgniter.php(353): CodeIgniter\CodeIgniter->handleRequest(null, Object(Config\Cache), false)
 4 FCPATH\index.php(79): CodeIgniter\CodeIgniter->run()
 5 SYSTEMPATH\Commands\Server\rewrite.php(47): require_once('C:\\laragon\\www\\lab2.1\\public\\index.php')
CRITICAL - 2023-09-29 23:52:55 --> Call to a member function move() on null
in APPPATH\Controllers\MainSongController.php on line 43.
 1 SYSTEMPATH\CodeIgniter.php(919): App\Controllers\MainSongController->addSong()
 2 SYSTEMPATH\CodeIgniter.php(494): CodeIgniter\CodeIgniter->runController(Object(App\Controllers\MainSongController))
 3 SYSTEMPATH\CodeIgniter.php(353): CodeIgniter\CodeIgniter->handleRequest(null, Object(Config\Cache), false)
 4 FCPATH\index.php(79): CodeIgniter\CodeIgniter->run()
 5 SYSTEMPATH\Commands\Server\rewrite.php(47): require_once('C:\\laragon\\www\\lab2.1\\public\\index.php')
